STAT: jconf successfully finalized
STAT: *** loading AM00 _default
Stat: init_phmm: Reading in HMM definition
Stat: read_binhmm: binary format HMM definition
Stat: read_binhmm: this HMM does not need multipath handling
Stat: init_phmm: defined HMMs:    43
Stat: init_phmm: logical names:    43
Stat: init_phmm: base phones:    43 used in logical
Stat: init_phmm: finished reading HMM definitions
STAT: *** AM00 _default loaded
STAT: *** loading LM00 _default
STAT: reading [./wav/021.dfa] and [./wav/021.dict]...
Stat: init_voca: read 3 words
STAT: done
STAT: Gram #0 021 registered
STAT: Gram #0 021: new grammar loaded, now mash it up for recognition
STAT: Gram #0 021: extracting category-pair constraint for the 1st pass
STAT: Gram #0 021: installed
STAT: Gram #0 021: turn on active
STAT: grammar update completed
STAT: *** LM00 _default loaded
STAT: ------
STAT: All models are ready, go for final fusion
STAT: [1] create MFCC extraction instance(s)
STAT: *** create MFCC calculation modules from AM
STAT: AM 0 _default: create a new module MFCC01
STAT: 1 MFCC modules created
STAT: [2] create recognition processing instance(s) with AM and LM
STAT: composing recognizer instance SR00 _default (AM00 _default, LM00 _default)
STAT: Building HMM lexicon tree
STAT: lexicon size: 180+0=180
STAT: coordination check passed
STAT: multi-gram: beam width set to 180 (guess) by lexicon change
STAT: wchmm (re)build completed
STAT: SR00 _default composed
STAT: [3] initialize for acoustic HMM calculation
Stat: outprob_init: state-level mixture PDFs, use calc_mix()
Stat: addlog: generating addlog table (size = 1953 kB)
Stat: addlog: addlog table generated
STAT: [4] prepare MFCC storage(s)
STAT: All init successfully done

STAT: ###### initialize input device
----------------------- System Information begin ---------------------
JuliusLib rev.4.4.2.1 (fast)

Engine specification:
 -  Base setup   : fast
 -  Supported LM : DFA, N-gram, Word
 -  Extension    :
 -  Compiled by  : gcc -O6 -fomit-frame-pointer
Library configuration: version 4.4.2.1
 - Audio input
    primary A/D-in driver   : oss (Open Sound System compatible)
    available drivers       : oss
    wavefile formats        : RAW and WAV only
    max. length of an input : 320000 samples, 150 words
 - Language Model
    class N-gram support    : yes
    MBR weight support      : yes
    word id unit            : short (2 bytes)
 - Acoustic Model
    multi-path treatment    : autodetect
 - External library
    file decompression by   : gzip command
 - Process hangling
    fork on adinnet input   : no
 - built-in SIMD instruction set for DNN
    SSE AVX FMA
    FMA is available maximum on this cpu, use it


------------------------------------------------------------
Configuration of Modules

 Number of defined modules: AM=1, LM=1, SR=1

 Acoustic Model (with input parameter spec.):
 - AM00 "_default"
	hmmfilename=./models/hmmdefs_monof_mix16_gid.binhmm

 Language Model:
 - LM00 "_default"
	grammar #1:
	    dfa  = ./wav/021.dfa
	    dict = ./wav/021.dict

 Recognizer:
 - SR00 "_default" (AM00, LM00)

------------------------------------------------------------
Speech Analysis Module(s)

[MFCC01]  for [AM00 _default]

 Acoustic analysis condition:
	       parameter = MFCC_E_D_N_Z (25 dim. from 12 cepstrum + energy, abs energy supressed with CMN)
	sample frequency = 16000 Hz
	   sample period =  625  (1 = 100ns)
	     window size =  400 samples (25.0 ms)
	     frame shift =  160 samples (10.0 ms)
	    pre-emphasis = 0.97
	    # filterbank = 24
	   cepst. lifter = 22
	      raw energy = False
	energy normalize = False
	    delta window = 2 frames (20.0 ms) around
	     hi freq cut = OFF
	     lo freq cut = OFF
	 zero mean frame = OFF
	       use power = OFF
	             CVN = OFF
	            VTLN = OFF

    spectral subtraction = off

 cep. mean normalization = yes, with per-utterance self mean
 cep. var. normalization = no

	 base setup from = Julius defaults

------------------------------------------------------------
Acoustic Model(s)

[AM00 "_default"]

 HMM Info:
    43 models, 129 states, 129 mpdfs, 2064 Gaussians are defined
	      model type = context dependency handling OFF
      training parameter = MFCC_E_N_D_Z
	   vector length = 25
	number of stream = 1
	     stream info = [0-24]
	cov. matrix type = DIAGC
	   duration type = NULLD
	max mixture size = 16 Gaussians
     max length of model = 5 states
     logical base phones = 43
       model skip trans. = not exist, no multi-path handling

 AM Parameters:
        Gaussian pruning = none (full computation)  (-gprune)
    short pause HMM name = "sp" specified, "sp" applied (physical)  (-sp)
  cross-word CD on pass1 = handle by approx. (use average prob. of same LC)

------------------------------------------------------------
Language Model(s)

[LM00 "_default"] type=grammar

 DFA grammar info:
      4 nodes, 3 arcs, 3 terminal(category) symbols
      category-pair matrix: 16 bytes (448 bytes allocated)

 Vocabulary Info:
        vocabulary size  = 3 words, 60 models
        average word len = 20.0 models, 60.0 states
       maximum state num = 174 nodes per word
       transparent words = not exist
       words under class = not exist

 Parameters:
   found sp category IDs =

------------------------------------------------------------
Recognizer(s)

[SR00 "_default"]  AM00 "_default"  +  LM00 "_default"

 Lexicon tree:
	 total node num =    180
	  root node num =      3
	  leaf node num =      3

	(-penalty1) IW penalty1 = +0.0
	(-penalty2) IW penalty2 = +0.0
	(-cmalpha)CM alpha coef = 0.050000

 Search parameters: 
	    multi-path handling = no
	(-b) trellis beam width = 180 (-1 or not specified - guessed)
	(-bs)score pruning thres= disabled
	(-n)search candidate num= 1
	(-s)  search stack size = 500
	(-m)    search overflow = after 2000 hypothesis poped
	        2nd pass method = searching sentence, generating N-best
	(-b2)  pass2 beam width = 30
	(-lookuprange)lookup range= 5  (tm-5 <= t <tm+5)
	(-sb)2nd scan beamthres = 80.0 (in logscore)
	(-n)        search till = 1 candidates found
	(-output)    and output = 1 candidates out of above
	 output phoneme alignments
	 all possible words will be expanded in 2nd pass
	 build_wchmm2() used
	 lcdset limited by word-pair constraint
	short pause segmentation = off
	fall back on search fail = off, returns search failure

------------------------------------------------------------
Decoding algorithm:

	1st pass input processing = buffered, batch
	1st pass method = 1-best approx. generating indexed trellis
	output word confidence measure based on search-time scores

------------------------------------------------------------
FrontEnd:

 Input stream:
	             input type = waveform
	           input source = waveform file
	          input filelist = (none, get file name from stdin)
	          sampling freq. = 16000 Hz required
	         threaded A/D-in = supported, off
	   zero frames stripping = on
	         silence cutting = off
	    long-term DC removal = off
	    level scaling factor = 1.00 (disabled)
	      reject short input = off
	      reject  long input = off

----------------------- System Information end -----------------------

Notice for feature extraction (01),
	*************************************************************
	* Cepstral mean normalization for batch decoding:           *
	* per-utterance mean will be computed and applied.          *
	*************************************************************

------
### read waveform input
Stat: adin_file: input speechfile: ./wav/021.wav
STAT: 105247 samples (6.58 sec.)
STAT: ### speech analysis (waveform -> MFCC)
### Recognition: 1st pass (LR beam)
pass1_best: w_0 w_1 w_2
pass1_best_wordseq: 0 1 2
pass1_best_phonemeseq: silB | ch i q s o y a r i N w a m u r o N t e N n e N n i m o k a s e N n a d o o ts u: j i t e u m i n i n a g a r e k o m u | silE
pass1_best_score: -16347.346680
### Recognition: 2nd pass (RL heuristic best-first)
STAT: 00 _default: 3 generated, 3 pushed, 4 nodes popped in 656
ALIGN: === phoneme alignment begin ===
sentence1: w_0 w_1 w_2
wseq1: 0 1 2
phseq1: silB | ch i q s o y a r i N w a m u r o N t e N n e N n i m o k a s e N n a d o o ts u: j i t e u m i n i n a g a r e k o m u | silE
cmscore1: 1.000 1.000 1.000
score1: -16347.355469
=== begin forced alignment ===
-- phoneme alignment --
 id: from  to    n_score    unit
 ----------------------------------------
[   0   34]  -22.210386  silB
[  35   42]  -26.393829  ch
[  43   46]  -30.249969  i
[  47   49]  -28.112265  q
[  50   68]  -24.741089  s
[  69   76]  -25.348679  o
[  77   84]  -25.113800  y
[  85  100]  -27.606827  a
[ 101  113]  -28.873009  r
[ 114  127]  -24.262888  i
[ 128  138]  -22.536177  N
[ 139  147]  -25.134304  w
[ 148  161]  -26.143660  a
[ 162  180]  -27.460899  m
[ 181  184]  -26.494995  u
[ 185  191]  -29.557058  r
[ 192  202]  -26.135298  o
[ 203  217]  -24.983301  N
[ 218  236]  -25.251389  t
[ 237  246]  -22.984814  e
[ 247  260]  -24.298306  N
[ 261  264]  -26.491577  n
[ 265  273]  -22.739420  e
[ 274  286]  -22.017765  N
[ 287  291]  -25.263866  n
[ 292  295]  -25.315918  i
[ 296  305]  -23.843800  m
[ 306  319]  -25.161028  o
[ 320  339]  -25.765503  k
[ 340  345]  -28.553711  a
[ 346  358]  -25.399340  s
[ 359  365]  -25.668667  e
[ 366  378]  -21.173677  N
[ 379  382]  -25.946777  n
[ 383  388]  -22.910482  a
[ 389  397]  -25.959526  d
[ 398  410]  -22.799879  o
[ 411  419]  -27.372721  o
[ 420  437]  -26.198622  ts
[ 438  448]  -22.669035  u:
[ 449  459]  -26.006304  j
[ 460  466]  -25.419363  i
[ 467  474]  -24.685303  t
[ 475  495]  -27.224655  e
[ 496  505]  -29.044628  u
[ 506  514]  -26.738173  m
[ 515  521]  -25.615374  i
[ 522  530]  -23.661024  n
[ 531  537]  -23.655413  i
[ 538  544]  -26.174526  n
[ 545  552]  -25.421753  a
[ 553  560]  -24.902222  g
[ 561  567]  -26.365095  a
[ 568  570]  -26.049479  r
[ 571  581]  -24.861595  e
[ 582  591]  -26.243946  k
[ 592  597]  -23.710123  o
[ 598  609]  -23.267660  m
[ 610  615]  -26.823080  u
[ 616  655]  -20.543385  silE
re-computed AM score: -16347.346680
=== end forced alignment ===


------
### read waveform input
