STAT: jconf successfully finalized
STAT: *** loading AM00 _default
Stat: init_phmm: Reading in HMM definition
Stat: read_binhmm: binary format HMM definition
Stat: read_binhmm: this HMM does not need multipath handling
Stat: init_phmm: defined HMMs:    43
Stat: init_phmm: logical names:    43
Stat: init_phmm: base phones:    43 used in logical
Stat: init_phmm: finished reading HMM definitions
STAT: *** AM00 _default loaded
STAT: *** loading LM00 _default
STAT: reading [./wav/031.dfa] and [./wav/031.dict]...
Stat: init_voca: read 3 words
STAT: done
STAT: Gram #0 031 registered
STAT: Gram #0 031: new grammar loaded, now mash it up for recognition
STAT: Gram #0 031: extracting category-pair constraint for the 1st pass
STAT: Gram #0 031: installed
STAT: Gram #0 031: turn on active
STAT: grammar update completed
STAT: *** LM00 _default loaded
STAT: ------
STAT: All models are ready, go for final fusion
STAT: [1] create MFCC extraction instance(s)
STAT: *** create MFCC calculation modules from AM
STAT: AM 0 _default: create a new module MFCC01
STAT: 1 MFCC modules created
STAT: [2] create recognition processing instance(s) with AM and LM
STAT: composing recognizer instance SR00 _default (AM00 _default, LM00 _default)
STAT: Building HMM lexicon tree
STAT: lexicon size: 147+0=147
STAT: coordination check passed
STAT: multi-gram: beam width set to 147 (guess) by lexicon change
STAT: wchmm (re)build completed
STAT: SR00 _default composed
STAT: [3] initialize for acoustic HMM calculation
Stat: outprob_init: state-level mixture PDFs, use calc_mix()
Stat: addlog: generating addlog table (size = 1953 kB)
Stat: addlog: addlog table generated
STAT: [4] prepare MFCC storage(s)
STAT: All init successfully done

STAT: ###### initialize input device
----------------------- System Information begin ---------------------
JuliusLib rev.4.4.2.1 (fast)

Engine specification:
 -  Base setup   : fast
 -  Supported LM : DFA, N-gram, Word
 -  Extension    :
 -  Compiled by  : gcc -O6 -fomit-frame-pointer
Library configuration: version 4.4.2.1
 - Audio input
    primary A/D-in driver   : oss (Open Sound System compatible)
    available drivers       : oss
    wavefile formats        : RAW and WAV only
    max. length of an input : 320000 samples, 150 words
 - Language Model
    class N-gram support    : yes
    MBR weight support      : yes
    word id unit            : short (2 bytes)
 - Acoustic Model
    multi-path treatment    : autodetect
 - External library
    file decompression by   : gzip command
 - Process hangling
    fork on adinnet input   : no
 - built-in SIMD instruction set for DNN
    SSE AVX FMA
    FMA is available maximum on this cpu, use it


------------------------------------------------------------
Configuration of Modules

 Number of defined modules: AM=1, LM=1, SR=1

 Acoustic Model (with input parameter spec.):
 - AM00 "_default"
	hmmfilename=./models/hmmdefs_monof_mix16_gid.binhmm

 Language Model:
 - LM00 "_default"
	grammar #1:
	    dfa  = ./wav/031.dfa
	    dict = ./wav/031.dict

 Recognizer:
 - SR00 "_default" (AM00, LM00)

------------------------------------------------------------
Speech Analysis Module(s)

[MFCC01]  for [AM00 _default]

 Acoustic analysis condition:
	       parameter = MFCC_E_D_N_Z (25 dim. from 12 cepstrum + energy, abs energy supressed with CMN)
	sample frequency = 16000 Hz
	   sample period =  625  (1 = 100ns)
	     window size =  400 samples (25.0 ms)
	     frame shift =  160 samples (10.0 ms)
	    pre-emphasis = 0.97
	    # filterbank = 24
	   cepst. lifter = 22
	      raw energy = False
	energy normalize = False
	    delta window = 2 frames (20.0 ms) around
	     hi freq cut = OFF
	     lo freq cut = OFF
	 zero mean frame = OFF
	       use power = OFF
	             CVN = OFF
	            VTLN = OFF

    spectral subtraction = off

 cep. mean normalization = yes, with per-utterance self mean
 cep. var. normalization = no

	 base setup from = Julius defaults

------------------------------------------------------------
Acoustic Model(s)

[AM00 "_default"]

 HMM Info:
    43 models, 129 states, 129 mpdfs, 2064 Gaussians are defined
	      model type = context dependency handling OFF
      training parameter = MFCC_E_N_D_Z
	   vector length = 25
	number of stream = 1
	     stream info = [0-24]
	cov. matrix type = DIAGC
	   duration type = NULLD
	max mixture size = 16 Gaussians
     max length of model = 5 states
     logical base phones = 43
       model skip trans. = not exist, no multi-path handling

 AM Parameters:
        Gaussian pruning = none (full computation)  (-gprune)
    short pause HMM name = "sp" specified, "sp" applied (physical)  (-sp)
  cross-word CD on pass1 = handle by approx. (use average prob. of same LC)

------------------------------------------------------------
Language Model(s)

[LM00 "_default"] type=grammar

 DFA grammar info:
      4 nodes, 3 arcs, 3 terminal(category) symbols
      category-pair matrix: 16 bytes (448 bytes allocated)

 Vocabulary Info:
        vocabulary size  = 3 words, 49 models
        average word len = 16.3 models, 49.0 states
       maximum state num = 141 nodes per word
       transparent words = not exist
       words under class = not exist

 Parameters:
   found sp category IDs =

------------------------------------------------------------
Recognizer(s)

[SR00 "_default"]  AM00 "_default"  +  LM00 "_default"

 Lexicon tree:
	 total node num =    147
	  root node num =      3
	  leaf node num =      3

	(-penalty1) IW penalty1 = +0.0
	(-penalty2) IW penalty2 = +0.0
	(-cmalpha)CM alpha coef = 0.050000

 Search parameters: 
	    multi-path handling = no
	(-b) trellis beam width = 147 (-1 or not specified - guessed)
	(-bs)score pruning thres= disabled
	(-n)search candidate num= 1
	(-s)  search stack size = 500
	(-m)    search overflow = after 2000 hypothesis poped
	        2nd pass method = searching sentence, generating N-best
	(-b2)  pass2 beam width = 30
	(-lookuprange)lookup range= 5  (tm-5 <= t <tm+5)
	(-sb)2nd scan beamthres = 80.0 (in logscore)
	(-n)        search till = 1 candidates found
	(-output)    and output = 1 candidates out of above
	 output phoneme alignments
	 all possible words will be expanded in 2nd pass
	 build_wchmm2() used
	 lcdset limited by word-pair constraint
	short pause segmentation = off
	fall back on search fail = off, returns search failure

------------------------------------------------------------
Decoding algorithm:

	1st pass input processing = buffered, batch
	1st pass method = 1-best approx. generating indexed trellis
	output word confidence measure based on search-time scores

------------------------------------------------------------
FrontEnd:

 Input stream:
	             input type = waveform
	           input source = waveform file
	          input filelist = (none, get file name from stdin)
	          sampling freq. = 16000 Hz required
	         threaded A/D-in = supported, off
	   zero frames stripping = on
	         silence cutting = off
	    long-term DC removal = off
	    level scaling factor = 1.00 (disabled)
	      reject short input = off
	      reject  long input = off

----------------------- System Information end -----------------------

Notice for feature extraction (01),
	*************************************************************
	* Cepstral mean normalization for batch decoding:           *
	* per-utterance mean will be computed and applied.          *
	*************************************************************

------
### read waveform input
Stat: adin_file: input speechfile: ./wav/031.wav
STAT: 86724 samples (5.42 sec.)
STAT: ### speech analysis (waveform -> MFCC)
### Recognition: 1st pass (LR beam)
pass1_best: w_0 w_1 w_2
pass1_best_wordseq: 0 1 2
pass1_best_phonemeseq: silB | n i N g e N g a o n a j i n i N g e N o t a s u k e r a r e n a i w a k e g a a r i m a s e N | silE
pass1_best_score: -13488.515625
### Recognition: 2nd pass (RL heuristic best-first)
STAT: 00 _default: 3 generated, 3 pushed, 4 nodes popped in 540
ALIGN: === phoneme alignment begin ===
sentence1: w_0 w_1 w_2
wseq1: 0 1 2
phseq1: silB | n i N g e N g a o n a j i n i N g e N o t a s u k e r a r e n a i w a k e g a a r i m a s e N | silE
cmscore1: 1.000 1.000 1.000
score1: -13488.536133
=== begin forced alignment ===
-- phoneme alignment --
 id: from  to    n_score    unit
 ----------------------------------------
[   0   36]  -21.912722  silB
[  37   46]  -25.133331  n
[  47   54]  -23.399155  i
[  55   66]  -23.271048  N
[  67   69]  -30.697836  g
[  70   80]  -24.114502  e
[  81   96]  -21.342758  N
[  97  101]  -26.183203  g
[ 102  129]  -25.738264  a
[ 130  139]  -29.168726  o
[ 140  145]  -24.971436  n
[ 146  154]  -25.178711  a
[ 155  167]  -26.121977  j
[ 168  183]  -25.469131  i
[ 184  195]  -25.841635  n
[ 196  204]  -23.179525  i
[ 205  216]  -22.847128  N
[ 217  220]  -27.659668  g
[ 221  233]  -23.546425  e
[ 234  245]  -22.252115  N
[ 246  262]  -26.960335  o
[ 263  275]  -25.511494  t
[ 276  281]  -24.535482  a
[ 282  294]  -24.236591  s
[ 295  297]  -28.557129  u
[ 298  302]  -29.432129  k
[ 303  311]  -26.442492  e
[ 312  316]  -25.924511  r
[ 317  324]  -24.822449  a
[ 325  328]  -27.747070  r
[ 329  338]  -24.028515  e
[ 339  346]  -24.057251  n
[ 347  357]  -23.960405  a
[ 358  369]  -26.875244  i
[ 370  380]  -26.291105  w
[ 381  387]  -26.580915  a
[ 388  394]  -26.418247  k
[ 395  403]  -25.977213  e
[ 404  414]  -25.032049  g
[ 415  425]  -27.322355  a
[ 426  439]  -28.340261  a
[ 440  445]  -27.822916  r
[ 446  452]  -26.978516  i
[ 453  460]  -25.488525  m
[ 461  466]  -25.786295  a
[ 467  481]  -24.632227  s
[ 482  493]  -27.643229  e
[ 494  504]  -25.904207  N
[ 505  539]  -21.982367  silE
re-computed AM score: -13488.515625
=== end forced alignment ===


------
### read waveform input
