STAT: jconf successfully finalized
STAT: *** loading AM00 _default
Stat: init_phmm: Reading in HMM definition
Stat: read_binhmm: binary format HMM definition
Stat: read_binhmm: this HMM does not need multipath handling
Stat: init_phmm: defined HMMs:    43
Stat: init_phmm: logical names:    43
Stat: init_phmm: base phones:    43 used in logical
Stat: init_phmm: finished reading HMM definitions
STAT: *** AM00 _default loaded
STAT: *** loading LM00 _default
STAT: reading [./wav/041.dfa] and [./wav/041.dict]...
Stat: init_voca: read 3 words
STAT: done
STAT: Gram #0 041 registered
STAT: Gram #0 041: new grammar loaded, now mash it up for recognition
STAT: Gram #0 041: extracting category-pair constraint for the 1st pass
STAT: Gram #0 041: installed
STAT: Gram #0 041: turn on active
STAT: grammar update completed
STAT: *** LM00 _default loaded
STAT: ------
STAT: All models are ready, go for final fusion
STAT: [1] create MFCC extraction instance(s)
STAT: *** create MFCC calculation modules from AM
STAT: AM 0 _default: create a new module MFCC01
STAT: 1 MFCC modules created
STAT: [2] create recognition processing instance(s) with AM and LM
STAT: composing recognizer instance SR00 _default (AM00 _default, LM00 _default)
STAT: Building HMM lexicon tree
STAT: lexicon size: 192+0=192
STAT: coordination check passed
STAT: multi-gram: beam width set to 192 (guess) by lexicon change
STAT: wchmm (re)build completed
STAT: SR00 _default composed
STAT: [3] initialize for acoustic HMM calculation
Stat: outprob_init: state-level mixture PDFs, use calc_mix()
Stat: addlog: generating addlog table (size = 1953 kB)
Stat: addlog: addlog table generated
STAT: [4] prepare MFCC storage(s)
STAT: All init successfully done

STAT: ###### initialize input device
----------------------- System Information begin ---------------------
JuliusLib rev.4.4.2.1 (fast)

Engine specification:
 -  Base setup   : fast
 -  Supported LM : DFA, N-gram, Word
 -  Extension    :
 -  Compiled by  : gcc -O6 -fomit-frame-pointer
Library configuration: version 4.4.2.1
 - Audio input
    primary A/D-in driver   : oss (Open Sound System compatible)
    available drivers       : oss
    wavefile formats        : RAW and WAV only
    max. length of an input : 320000 samples, 150 words
 - Language Model
    class N-gram support    : yes
    MBR weight support      : yes
    word id unit            : short (2 bytes)
 - Acoustic Model
    multi-path treatment    : autodetect
 - External library
    file decompression by   : gzip command
 - Process hangling
    fork on adinnet input   : no
 - built-in SIMD instruction set for DNN
    SSE AVX FMA
    FMA is available maximum on this cpu, use it


------------------------------------------------------------
Configuration of Modules

 Number of defined modules: AM=1, LM=1, SR=1

 Acoustic Model (with input parameter spec.):
 - AM00 "_default"
	hmmfilename=./models/hmmdefs_monof_mix16_gid.binhmm

 Language Model:
 - LM00 "_default"
	grammar #1:
	    dfa  = ./wav/041.dfa
	    dict = ./wav/041.dict

 Recognizer:
 - SR00 "_default" (AM00, LM00)

------------------------------------------------------------
Speech Analysis Module(s)

[MFCC01]  for [AM00 _default]

 Acoustic analysis condition:
	       parameter = MFCC_E_D_N_Z (25 dim. from 12 cepstrum + energy, abs energy supressed with CMN)
	sample frequency = 16000 Hz
	   sample period =  625  (1 = 100ns)
	     window size =  400 samples (25.0 ms)
	     frame shift =  160 samples (10.0 ms)
	    pre-emphasis = 0.97
	    # filterbank = 24
	   cepst. lifter = 22
	      raw energy = False
	energy normalize = False
	    delta window = 2 frames (20.0 ms) around
	     hi freq cut = OFF
	     lo freq cut = OFF
	 zero mean frame = OFF
	       use power = OFF
	             CVN = OFF
	            VTLN = OFF

    spectral subtraction = off

 cep. mean normalization = yes, with per-utterance self mean
 cep. var. normalization = no

	 base setup from = Julius defaults

------------------------------------------------------------
Acoustic Model(s)

[AM00 "_default"]

 HMM Info:
    43 models, 129 states, 129 mpdfs, 2064 Gaussians are defined
	      model type = context dependency handling OFF
      training parameter = MFCC_E_N_D_Z
	   vector length = 25
	number of stream = 1
	     stream info = [0-24]
	cov. matrix type = DIAGC
	   duration type = NULLD
	max mixture size = 16 Gaussians
     max length of model = 5 states
     logical base phones = 43
       model skip trans. = not exist, no multi-path handling

 AM Parameters:
        Gaussian pruning = none (full computation)  (-gprune)
    short pause HMM name = "sp" specified, "sp" applied (physical)  (-sp)
  cross-word CD on pass1 = handle by approx. (use average prob. of same LC)

------------------------------------------------------------
Language Model(s)

[LM00 "_default"] type=grammar

 DFA grammar info:
      4 nodes, 3 arcs, 3 terminal(category) symbols
      category-pair matrix: 16 bytes (448 bytes allocated)

 Vocabulary Info:
        vocabulary size  = 3 words, 64 models
        average word len = 21.3 models, 64.0 states
       maximum state num = 186 nodes per word
       transparent words = not exist
       words under class = not exist

 Parameters:
   found sp category IDs =

------------------------------------------------------------
Recognizer(s)

[SR00 "_default"]  AM00 "_default"  +  LM00 "_default"

 Lexicon tree:
	 total node num =    192
	  root node num =      3
	  leaf node num =      3

	(-penalty1) IW penalty1 = +0.0
	(-penalty2) IW penalty2 = +0.0
	(-cmalpha)CM alpha coef = 0.050000

 Search parameters: 
	    multi-path handling = no
	(-b) trellis beam width = 192 (-1 or not specified - guessed)
	(-bs)score pruning thres= disabled
	(-n)search candidate num= 1
	(-s)  search stack size = 500
	(-m)    search overflow = after 2000 hypothesis poped
	        2nd pass method = searching sentence, generating N-best
	(-b2)  pass2 beam width = 30
	(-lookuprange)lookup range= 5  (tm-5 <= t <tm+5)
	(-sb)2nd scan beamthres = 80.0 (in logscore)
	(-n)        search till = 1 candidates found
	(-output)    and output = 1 candidates out of above
	 output phoneme alignments
	 all possible words will be expanded in 2nd pass
	 build_wchmm2() used
	 lcdset limited by word-pair constraint
	short pause segmentation = off
	fall back on search fail = off, returns search failure

------------------------------------------------------------
Decoding algorithm:

	1st pass input processing = buffered, batch
	1st pass method = 1-best approx. generating indexed trellis
	output word confidence measure based on search-time scores

------------------------------------------------------------
FrontEnd:

 Input stream:
	             input type = waveform
	           input source = waveform file
	          input filelist = (none, get file name from stdin)
	          sampling freq. = 16000 Hz required
	         threaded A/D-in = supported, off
	   zero frames stripping = on
	         silence cutting = off
	    long-term DC removal = off
	    level scaling factor = 1.00 (disabled)
	      reject short input = off
	      reject  long input = off

----------------------- System Information end -----------------------

Notice for feature extraction (01),
	*************************************************************
	* Cepstral mean normalization for batch decoding:           *
	* per-utterance mean will be computed and applied.          *
	*************************************************************

------
### read waveform input
Stat: adin_file: input speechfile: ./wav/041.wav
STAT: 108897 samples (6.81 sec.)
STAT: ### speech analysis (waveform -> MFCC)
### Recognition: 1st pass (LR beam)
pass1_best: w_0 w_1 w_2
pass1_best_wordseq: 0 1 2
pass1_best_phonemeseq: silB | m a t a g o ts u g o: g a y o r o sh i k e r e b a s o n o b a N y u: sh o k u n i g o sh o: t a i sh i t a i t o z o N j i m a s u | silE
pass1_best_score: -17048.781250
### Recognition: 2nd pass (RL heuristic best-first)
STAT: 00 _default: 3 generated, 3 pushed, 4 nodes popped in 679
ALIGN: === phoneme alignment begin ===
sentence1: w_0 w_1 w_2
wseq1: 0 1 2
phseq1: silB | m a t a g o ts u g o: g a y o r o sh i k e r e b a s o n o b a N y u: sh o k u n i g o sh o: t a i sh i t a i t o z o N j i m a s u | silE
cmscore1: 1.000 1.000 1.000
score1: -17048.753906
=== begin forced alignment ===
-- phoneme alignment --
 id: from  to    n_score    unit
 ----------------------------------------
[   0   28]  -21.461208  silB
[  29   32]  -27.448685  m
[  33   40]  -25.274734  a
[  41   52]  -24.359680  t
[  53   61]  -26.666286  a
[  62   87]  -26.547325  g
[  88   93]  -26.047485  o
[  94  107]  -26.237722  ts
[ 108  110]  -31.777426  u
[ 111  120]  -27.656494  g
[ 121  130]  -23.136816  o:
[ 131  139]  -25.119955  g
[ 140  152]  -26.561485  a
[ 153  158]  -28.071249  y
[ 159  161]  -29.145508  o
[ 162  167]  -27.577719  r
[ 168  170]  -28.820963  o
[ 171  185]  -24.531185  sh
[ 186  188]  -29.721029  i
[ 189  192]  -26.940796  k
[ 193  201]  -27.072863  e
[ 202  205]  -25.347290  r
[ 206  210]  -24.600780  e
[ 211  220]  -25.727245  b
[ 221  230]  -25.538868  a
[ 231  261]  -23.796860  s
[ 262  266]  -23.225780  o
[ 267  273]  -23.333078  n
[ 274  280]  -23.097239  o
[ 281  290]  -25.174267  b
[ 291  301]  -23.698109  a
[ 302  326]  -26.990585  N
[ 327  341]  -26.766602  y
[ 342  348]  -24.390066  u:
[ 349  364]  -25.535828  sh
[ 365  372]  -26.636719  o
[ 373  378]  -27.594076  k
[ 379  383]  -28.444921  u
[ 384  393]  -25.997265  n
[ 394  408]  -27.417122  i
[ 409  419]  -25.936079  g
[ 420  426]  -25.084543  o
[ 427  439]  -24.111778  sh
[ 440  453]  -26.850935  o:
[ 454  464]  -25.885210  t
[ 465  472]  -23.985474  a
[ 473  478]  -25.455566  i
[ 479  489]  -24.253019  sh
[ 490  492]  -29.214193  i
[ 493  497]  -25.912109  t
[ 498  507]  -21.920313  a
[ 508  513]  -25.529947  i
[ 514  528]  -24.164454  t
[ 529  539]  -28.484285  o
[ 540  553]  -30.100935  z
[ 554  563]  -23.214258  o
[ 564  575]  -25.776123  N
[ 576  585]  -25.913671  j
[ 586  589]  -25.924561  i
[ 590  598]  -25.026802  m
[ 599  605]  -25.674107  a
[ 606  631]  -23.095327  s
[ 632  634]  -27.969727  u
[ 635  678]  -19.873779  silE
re-computed AM score: -17048.781250
=== end forced alignment ===


------
### read waveform input
