STAT: jconf successfully finalized
STAT: *** loading AM00 _default
Stat: init_phmm: Reading in HMM definition
Stat: read_binhmm: binary format HMM definition
Stat: read_binhmm: this HMM does not need multipath handling
Stat: init_phmm: defined HMMs:    43
Stat: init_phmm: logical names:    43
Stat: init_phmm: base phones:    43 used in logical
Stat: init_phmm: finished reading HMM definitions
STAT: *** AM00 _default loaded
STAT: *** loading LM00 _default
STAT: reading [./wav/046.dfa] and [./wav/046.dict]...
Stat: init_voca: read 3 words
STAT: done
STAT: Gram #0 046 registered
STAT: Gram #0 046: new grammar loaded, now mash it up for recognition
STAT: Gram #0 046: extracting category-pair constraint for the 1st pass
STAT: Gram #0 046: installed
STAT: Gram #0 046: turn on active
STAT: grammar update completed
STAT: *** LM00 _default loaded
STAT: ------
STAT: All models are ready, go for final fusion
STAT: [1] create MFCC extraction instance(s)
STAT: *** create MFCC calculation modules from AM
STAT: AM 0 _default: create a new module MFCC01
STAT: 1 MFCC modules created
STAT: [2] create recognition processing instance(s) with AM and LM
STAT: composing recognizer instance SR00 _default (AM00 _default, LM00 _default)
STAT: Building HMM lexicon tree
STAT: lexicon size: 207+0=207
STAT: coordination check passed
STAT: multi-gram: beam width set to 200 (guess) by lexicon change
STAT: wchmm (re)build completed
STAT: SR00 _default composed
STAT: [3] initialize for acoustic HMM calculation
Stat: outprob_init: state-level mixture PDFs, use calc_mix()
Stat: addlog: generating addlog table (size = 1953 kB)
Stat: addlog: addlog table generated
STAT: [4] prepare MFCC storage(s)
STAT: All init successfully done

STAT: ###### initialize input device
----------------------- System Information begin ---------------------
JuliusLib rev.4.4.2.1 (fast)

Engine specification:
 -  Base setup   : fast
 -  Supported LM : DFA, N-gram, Word
 -  Extension    :
 -  Compiled by  : gcc -O6 -fomit-frame-pointer
Library configuration: version 4.4.2.1
 - Audio input
    primary A/D-in driver   : oss (Open Sound System compatible)
    available drivers       : oss
    wavefile formats        : RAW and WAV only
    max. length of an input : 320000 samples, 150 words
 - Language Model
    class N-gram support    : yes
    MBR weight support      : yes
    word id unit            : short (2 bytes)
 - Acoustic Model
    multi-path treatment    : autodetect
 - External library
    file decompression by   : gzip command
 - Process hangling
    fork on adinnet input   : no
 - built-in SIMD instruction set for DNN
    SSE AVX FMA
    FMA is available maximum on this cpu, use it


------------------------------------------------------------
Configuration of Modules

 Number of defined modules: AM=1, LM=1, SR=1

 Acoustic Model (with input parameter spec.):
 - AM00 "_default"
	hmmfilename=./models/hmmdefs_monof_mix16_gid.binhmm

 Language Model:
 - LM00 "_default"
	grammar #1:
	    dfa  = ./wav/046.dfa
	    dict = ./wav/046.dict

 Recognizer:
 - SR00 "_default" (AM00, LM00)

------------------------------------------------------------
Speech Analysis Module(s)

[MFCC01]  for [AM00 _default]

 Acoustic analysis condition:
	       parameter = MFCC_E_D_N_Z (25 dim. from 12 cepstrum + energy, abs energy supressed with CMN)
	sample frequency = 16000 Hz
	   sample period =  625  (1 = 100ns)
	     window size =  400 samples (25.0 ms)
	     frame shift =  160 samples (10.0 ms)
	    pre-emphasis = 0.97
	    # filterbank = 24
	   cepst. lifter = 22
	      raw energy = False
	energy normalize = False
	    delta window = 2 frames (20.0 ms) around
	     hi freq cut = OFF
	     lo freq cut = OFF
	 zero mean frame = OFF
	       use power = OFF
	             CVN = OFF
	            VTLN = OFF

    spectral subtraction = off

 cep. mean normalization = yes, with per-utterance self mean
 cep. var. normalization = no

	 base setup from = Julius defaults

------------------------------------------------------------
Acoustic Model(s)

[AM00 "_default"]

 HMM Info:
    43 models, 129 states, 129 mpdfs, 2064 Gaussians are defined
	      model type = context dependency handling OFF
      training parameter = MFCC_E_N_D_Z
	   vector length = 25
	number of stream = 1
	     stream info = [0-24]
	cov. matrix type = DIAGC
	   duration type = NULLD
	max mixture size = 16 Gaussians
     max length of model = 5 states
     logical base phones = 43
       model skip trans. = not exist, no multi-path handling

 AM Parameters:
        Gaussian pruning = none (full computation)  (-gprune)
    short pause HMM name = "sp" specified, "sp" applied (physical)  (-sp)
  cross-word CD on pass1 = handle by approx. (use average prob. of same LC)

------------------------------------------------------------
Language Model(s)

[LM00 "_default"] type=grammar

 DFA grammar info:
      4 nodes, 3 arcs, 3 terminal(category) symbols
      category-pair matrix: 16 bytes (448 bytes allocated)

 Vocabulary Info:
        vocabulary size  = 3 words, 69 models
        average word len = 23.0 models, 69.0 states
       maximum state num = 201 nodes per word
       transparent words = not exist
       words under class = not exist

 Parameters:
   found sp category IDs =

------------------------------------------------------------
Recognizer(s)

[SR00 "_default"]  AM00 "_default"  +  LM00 "_default"

 Lexicon tree:
	 total node num =    207
	  root node num =      3
	  leaf node num =      3

	(-penalty1) IW penalty1 = +0.0
	(-penalty2) IW penalty2 = +0.0
	(-cmalpha)CM alpha coef = 0.050000

 Search parameters: 
	    multi-path handling = no
	(-b) trellis beam width = 200 (-1 or not specified - guessed)
	(-bs)score pruning thres= disabled
	(-n)search candidate num= 1
	(-s)  search stack size = 500
	(-m)    search overflow = after 2000 hypothesis poped
	        2nd pass method = searching sentence, generating N-best
	(-b2)  pass2 beam width = 30
	(-lookuprange)lookup range= 5  (tm-5 <= t <tm+5)
	(-sb)2nd scan beamthres = 80.0 (in logscore)
	(-n)        search till = 1 candidates found
	(-output)    and output = 1 candidates out of above
	 output phoneme alignments
	 all possible words will be expanded in 2nd pass
	 build_wchmm2() used
	 lcdset limited by word-pair constraint
	short pause segmentation = off
	fall back on search fail = off, returns search failure

------------------------------------------------------------
Decoding algorithm:

	1st pass input processing = buffered, batch
	1st pass method = 1-best approx. generating indexed trellis
	output word confidence measure based on search-time scores

------------------------------------------------------------
FrontEnd:

 Input stream:
	             input type = waveform
	           input source = waveform file
	          input filelist = (none, get file name from stdin)
	          sampling freq. = 16000 Hz required
	         threaded A/D-in = supported, off
	   zero frames stripping = on
	         silence cutting = off
	    long-term DC removal = off
	    level scaling factor = 1.00 (disabled)
	      reject short input = off
	      reject  long input = off

----------------------- System Information end -----------------------

Notice for feature extraction (01),
	*************************************************************
	* Cepstral mean normalization for batch decoding:           *
	* per-utterance mean will be computed and applied.          *
	*************************************************************

------
### read waveform input
Stat: adin_file: input speechfile: ./wav/046.wav
STAT: 118631 samples (7.41 sec.)
STAT: ### speech analysis (waveform -> MFCC)
### Recognition: 1st pass (LR beam)
pass1_best: w_0 w_1 w_2
pass1_best_wordseq: 0 1 2
pass1_best_phonemeseq: silB | i i sh o k u n i N w a sh i g o t o t o y u: m o n o w a o b o e r e b a o b o e r u h o d o m u z u k a sh i k u n a r u t o i i m a s u | silE
pass1_best_score: -18715.068359
### Recognition: 2nd pass (RL heuristic best-first)
STAT: 00 _default: 3 generated, 3 pushed, 4 nodes popped in 739
ALIGN: === phoneme alignment begin ===
sentence1: w_0 w_1 w_2
wseq1: 0 1 2
phseq1: silB | i i sh o k u n i N w a sh i g o t o t o y u: m o n o w a o b o e r e b a o b o e r u h o d o m u z u k a sh i k u n a r u t o i i m a s u | silE
cmscore1: 1.000 1.000 1.000
score1: -18715.060547
=== begin forced alignment ===
-- phoneme alignment --
 id: from  to    n_score    unit
 ----------------------------------------
[   0   34]  -22.947929  silB
[  35   40]  -26.003885  i
[  41   60]  -24.331821  i
[  61   74]  -24.345886  sh
[  75   81]  -26.160261  o
[  82   90]  -25.767632  k
[  91   96]  -27.853760  u
[  97  106]  -25.300365  n
[ 107  116]  -22.086742  i
[ 117  129]  -22.632643  N
[ 130  137]  -22.703827  w
[ 138  157]  -27.294458  a
[ 158  187]  -25.041464  sh
[ 188  190]  -29.348959  i
[ 191  198]  -25.384338  g
[ 199  206]  -26.393921  o
[ 207  214]  -27.828552  t
[ 215  221]  -28.876465  o
[ 222  228]  -26.769114  t
[ 229  242]  -29.777100  o
[ 243  255]  -26.238056  y
[ 256  264]  -23.712402  u:
[ 265  276]  -24.263510  m
[ 277  281]  -24.066212  o
[ 282  287]  -24.586426  n
[ 288  298]  -22.393822  o
[ 299  305]  -23.340891  w
[ 306  314]  -25.551596  a
[ 315  317]  -27.936035  o
[ 318  340]  -25.346956  b
[ 341  365]  -25.800703  o
[ 366  373]  -22.686768  e
[ 374  376]  -24.927084  r
[ 377  386]  -23.375294  e
[ 387  394]  -26.419312  b
[ 395  415]  -27.079613  a
[ 416  426]  -27.958452  o
[ 427  430]  -25.154053  b
[ 431  444]  -25.865652  o
[ 445  452]  -27.024536  e
[ 453  457]  -28.342188  r
[ 458  464]  -25.662388  u
[ 465  475]  -24.930042  h
[ 476  480]  -27.374414  o
[ 481  487]  -27.548689  d
[ 488  504]  -26.735180  o
[ 505  516]  -27.046957  m
[ 517  521]  -26.594532  u
[ 522  531]  -27.105469  z
[ 532  535]  -26.943115  u
[ 536  542]  -27.610769  k
[ 543  546]  -29.267822  a
[ 547  558]  -26.677084  sh
[ 559  561]  -32.183918  i
[ 562  569]  -27.136841  k
[ 570  572]  -27.348633  u
[ 573  581]  -25.891602  n
[ 582  589]  -24.009521  a
[ 590  595]  -28.494791  r
[ 596  600]  -28.019531  u
[ 601  619]  -24.150339  t
[ 620  634]  -25.771093  o
[ 635  637]  -28.874350  i
[ 638  661]  -24.390381  i
[ 662  670]  -24.716579  m
[ 671  677]  -25.080915  a
[ 678  701]  -24.005615  s
[ 702  704]  -26.689453  u
[ 705  738]  -20.483053  silE
re-computed AM score: -18715.068359
=== end forced alignment ===


------
### read waveform input
