STAT: jconf successfully finalized
STAT: *** loading AM00 _default
Stat: init_phmm: Reading in HMM definition
Stat: read_binhmm: binary format HMM definition
Stat: read_binhmm: this HMM does not need multipath handling
Stat: init_phmm: defined HMMs:    43
Stat: init_phmm: logical names:    43
Stat: init_phmm: base phones:    43 used in logical
Stat: init_phmm: finished reading HMM definitions
STAT: *** AM00 _default loaded
STAT: *** loading LM00 _default
STAT: reading [./wav/048.dfa] and [./wav/048.dict]...
Stat: init_voca: read 3 words
STAT: done
STAT: Gram #0 048 registered
STAT: Gram #0 048: new grammar loaded, now mash it up for recognition
STAT: Gram #0 048: extracting category-pair constraint for the 1st pass
STAT: Gram #0 048: installed
STAT: Gram #0 048: turn on active
STAT: grammar update completed
STAT: *** LM00 _default loaded
STAT: ------
STAT: All models are ready, go for final fusion
STAT: [1] create MFCC extraction instance(s)
STAT: *** create MFCC calculation modules from AM
STAT: AM 0 _default: create a new module MFCC01
STAT: 1 MFCC modules created
STAT: [2] create recognition processing instance(s) with AM and LM
STAT: composing recognizer instance SR00 _default (AM00 _default, LM00 _default)
STAT: Building HMM lexicon tree
STAT: lexicon size: 231+0=231
STAT: coordination check passed
STAT: multi-gram: beam width set to 200 (guess) by lexicon change
STAT: wchmm (re)build completed
STAT: SR00 _default composed
STAT: [3] initialize for acoustic HMM calculation
Stat: outprob_init: state-level mixture PDFs, use calc_mix()
Stat: addlog: generating addlog table (size = 1953 kB)
Stat: addlog: addlog table generated
STAT: [4] prepare MFCC storage(s)
STAT: All init successfully done

STAT: ###### initialize input device
----------------------- System Information begin ---------------------
JuliusLib rev.4.4.2.1 (fast)

Engine specification:
 -  Base setup   : fast
 -  Supported LM : DFA, N-gram, Word
 -  Extension    :
 -  Compiled by  : gcc -O6 -fomit-frame-pointer
Library configuration: version 4.4.2.1
 - Audio input
    primary A/D-in driver   : oss (Open Sound System compatible)
    available drivers       : oss
    wavefile formats        : RAW and WAV only
    max. length of an input : 320000 samples, 150 words
 - Language Model
    class N-gram support    : yes
    MBR weight support      : yes
    word id unit            : short (2 bytes)
 - Acoustic Model
    multi-path treatment    : autodetect
 - External library
    file decompression by   : gzip command
 - Process hangling
    fork on adinnet input   : no
 - built-in SIMD instruction set for DNN
    SSE AVX FMA
    FMA is available maximum on this cpu, use it


------------------------------------------------------------
Configuration of Modules

 Number of defined modules: AM=1, LM=1, SR=1

 Acoustic Model (with input parameter spec.):
 - AM00 "_default"
	hmmfilename=./models/hmmdefs_monof_mix16_gid.binhmm

 Language Model:
 - LM00 "_default"
	grammar #1:
	    dfa  = ./wav/048.dfa
	    dict = ./wav/048.dict

 Recognizer:
 - SR00 "_default" (AM00, LM00)

------------------------------------------------------------
Speech Analysis Module(s)

[MFCC01]  for [AM00 _default]

 Acoustic analysis condition:
	       parameter = MFCC_E_D_N_Z (25 dim. from 12 cepstrum + energy, abs energy supressed with CMN)
	sample frequency = 16000 Hz
	   sample period =  625  (1 = 100ns)
	     window size =  400 samples (25.0 ms)
	     frame shift =  160 samples (10.0 ms)
	    pre-emphasis = 0.97
	    # filterbank = 24
	   cepst. lifter = 22
	      raw energy = False
	energy normalize = False
	    delta window = 2 frames (20.0 ms) around
	     hi freq cut = OFF
	     lo freq cut = OFF
	 zero mean frame = OFF
	       use power = OFF
	             CVN = OFF
	            VTLN = OFF

    spectral subtraction = off

 cep. mean normalization = yes, with per-utterance self mean
 cep. var. normalization = no

	 base setup from = Julius defaults

------------------------------------------------------------
Acoustic Model(s)

[AM00 "_default"]

 HMM Info:
    43 models, 129 states, 129 mpdfs, 2064 Gaussians are defined
	      model type = context dependency handling OFF
      training parameter = MFCC_E_N_D_Z
	   vector length = 25
	number of stream = 1
	     stream info = [0-24]
	cov. matrix type = DIAGC
	   duration type = NULLD
	max mixture size = 16 Gaussians
     max length of model = 5 states
     logical base phones = 43
       model skip trans. = not exist, no multi-path handling

 AM Parameters:
        Gaussian pruning = none (full computation)  (-gprune)
    short pause HMM name = "sp" specified, "sp" applied (physical)  (-sp)
  cross-word CD on pass1 = handle by approx. (use average prob. of same LC)

------------------------------------------------------------
Language Model(s)

[LM00 "_default"] type=grammar

 DFA grammar info:
      4 nodes, 3 arcs, 3 terminal(category) symbols
      category-pair matrix: 16 bytes (448 bytes allocated)

 Vocabulary Info:
        vocabulary size  = 3 words, 77 models
        average word len = 25.7 models, 77.0 states
       maximum state num = 225 nodes per word
       transparent words = not exist
       words under class = not exist

 Parameters:
   found sp category IDs =

------------------------------------------------------------
Recognizer(s)

[SR00 "_default"]  AM00 "_default"  +  LM00 "_default"

 Lexicon tree:
	 total node num =    231
	  root node num =      3
	  leaf node num =      3

	(-penalty1) IW penalty1 = +0.0
	(-penalty2) IW penalty2 = +0.0
	(-cmalpha)CM alpha coef = 0.050000

 Search parameters: 
	    multi-path handling = no
	(-b) trellis beam width = 200 (-1 or not specified - guessed)
	(-bs)score pruning thres= disabled
	(-n)search candidate num= 1
	(-s)  search stack size = 500
	(-m)    search overflow = after 2000 hypothesis poped
	        2nd pass method = searching sentence, generating N-best
	(-b2)  pass2 beam width = 30
	(-lookuprange)lookup range= 5  (tm-5 <= t <tm+5)
	(-sb)2nd scan beamthres = 80.0 (in logscore)
	(-n)        search till = 1 candidates found
	(-output)    and output = 1 candidates out of above
	 output phoneme alignments
	 all possible words will be expanded in 2nd pass
	 build_wchmm2() used
	 lcdset limited by word-pair constraint
	short pause segmentation = off
	fall back on search fail = off, returns search failure

------------------------------------------------------------
Decoding algorithm:

	1st pass input processing = buffered, batch
	1st pass method = 1-best approx. generating indexed trellis
	output word confidence measure based on search-time scores

------------------------------------------------------------
FrontEnd:

 Input stream:
	             input type = waveform
	           input source = waveform file
	          input filelist = (none, get file name from stdin)
	          sampling freq. = 16000 Hz required
	         threaded A/D-in = supported, off
	   zero frames stripping = on
	         silence cutting = off
	    long-term DC removal = off
	    level scaling factor = 1.00 (disabled)
	      reject short input = off
	      reject  long input = off

----------------------- System Information end -----------------------

Notice for feature extraction (01),
	*************************************************************
	* Cepstral mean normalization for batch decoding:           *
	* per-utterance mean will be computed and applied.          *
	*************************************************************

------
### read waveform input
Stat: adin_file: input speechfile: ./wav/048.wav
STAT: 158175 samples (9.89 sec.)
STAT: ### speech analysis (waveform -> MFCC)
### Recognition: 1st pass (LR beam)
pass1_best: w_0 w_1 w_2
pass1_best_wordseq: 0 1 2
pass1_best_phonemeseq: silB | my o: ch o: s o r e g a t o d o i t a r a u d e n i o b o e n o a r u r e N ch u: o k u N d e j o: r i k u y o: s e N t e: d e a ch i r a g i sh i e w a t a r u | silE
pass1_best_score: -24962.082031
### Recognition: 2nd pass (RL heuristic best-first)
STAT: 00 _default: 3 generated, 3 pushed, 4 nodes popped in 987
ALIGN: === phoneme alignment begin ===
sentence1: w_0 w_1 w_2
wseq1: 0 1 2
phseq1: silB | my o: ch o: s o r e g a t o d o i t a r a u d e n i o b o e n o a r u r e N ch u: o k u N d e j o: r i k u y o: s e N t e: d e a ch i r a g i sh i e w a t a r u | silE
cmscore1: 1.000 1.000 1.000
score1: -24962.136719
=== begin forced alignment ===
-- phoneme alignment --
 id: from  to    n_score    unit
 ----------------------------------------
[   0   69]  -23.935135  silB
[  70   79]  -26.142406  my
[  80   89]  -23.943897  o:
[  90  108]  -27.666838  ch
[ 109  127]  -25.659899  o:
[ 128  152]  -26.529610  s
[ 153  155]  -28.501871  o
[ 156  162]  -28.473005  r
[ 163  165]  -26.544760  e
[ 166  175]  -27.749512  g
[ 176  185]  -26.978369  a
[ 186  193]  -26.593994  t
[ 194  196]  -28.820801  o
[ 197  205]  -27.112576  d
[ 206  215]  -25.311914  o
[ 216  225]  -26.600536  i
[ 226  234]  -25.794922  t
[ 235  240]  -24.170980  a
[ 241  246]  -26.043213  r
[ 247  258]  -25.792807  a
[ 259  261]  -27.014322  u
[ 262  303]  -27.541853  d
[ 304  314]  -23.872869  e
[ 315  324]  -23.976074  n
[ 325  344]  -26.450878  i
[ 345  351]  -26.775669  o
[ 352  361]  -25.533985  b
[ 362  370]  -25.994576  o
[ 371  379]  -23.458117  e
[ 380  387]  -25.646362  n
[ 388  390]  -28.304361  o
[ 391  408]  -25.028320  a
[ 409  415]  -26.719727  r
[ 416  426]  -26.007990  u
[ 427  436]  -27.943653  r
[ 437  444]  -23.426270  e
[ 445  455]  -27.289772  N
[ 456  469]  -24.421665  ch
[ 470  481]  -22.975180  u:
[ 482  507]  -25.181303  o
[ 508  515]  -27.212402  k
[ 516  521]  -24.557779  u
[ 522  539]  -22.685329  N
[ 540  546]  -25.500139  d
[ 547  559]  -26.247972  e
[ 560  603]  -25.604603  j
[ 604  616]  -23.360653  o:
[ 617  626]  -28.227245  r
[ 627  634]  -25.177490  i
[ 635  641]  -26.272739  k
[ 642  649]  -25.921387  u
[ 650  659]  -23.151953  y
[ 660  680]  -25.243118  o:
[ 681  696]  -24.451050  s
[ 697  704]  -22.989258  e
[ 705  716]  -26.774088  N
[ 717  728]  -24.107584  t
[ 729  747]  -20.627672  e:
[ 748  754]  -25.136719  d
[ 755  773]  -25.140112  e
[ 774  785]  -28.655600  a
[ 786  798]  -26.065956  ch
[ 799  801]  -26.711588  i
[ 802  806]  -26.507421  r
[ 807  815]  -23.942057  a
[ 816  823]  -28.929443  g
[ 824  828]  -28.817968  i
[ 829  844]  -24.911011  sh
[ 845  851]  -23.839844  i
[ 852  875]  -26.874756  e
[ 876  886]  -26.861328  w
[ 887  894]  -26.965088  a
[ 895  903]  -26.184896  t
[ 904  912]  -24.136501  a
[ 913  919]  -28.155413  r
[ 920  925]  -25.742838  u
[ 926  986]  -20.958120  silE
re-computed AM score: -24962.082031
=== end forced alignment ===


------
### read waveform input
