STAT: jconf successfully finalized
STAT: *** loading AM00 _default
Stat: init_phmm: Reading in HMM definition
Stat: read_binhmm: binary format HMM definition
Stat: read_binhmm: this HMM does not need multipath handling
Stat: init_phmm: defined HMMs:    43
Stat: init_phmm: logical names:    43
Stat: init_phmm: base phones:    43 used in logical
Stat: init_phmm: finished reading HMM definitions
STAT: *** AM00 _default loaded
STAT: *** loading LM00 _default
STAT: reading [./wav/013.dfa] and [./wav/013.dict]...
Stat: init_voca: read 3 words
STAT: done
STAT: Gram #0 013 registered
STAT: Gram #0 013: new grammar loaded, now mash it up for recognition
STAT: Gram #0 013: extracting category-pair constraint for the 1st pass
STAT: Gram #0 013: installed
STAT: Gram #0 013: turn on active
STAT: grammar update completed
STAT: *** LM00 _default loaded
STAT: ------
STAT: All models are ready, go for final fusion
STAT: [1] create MFCC extraction instance(s)
STAT: *** create MFCC calculation modules from AM
STAT: AM 0 _default: create a new module MFCC01
STAT: 1 MFCC modules created
STAT: [2] create recognition processing instance(s) with AM and LM
STAT: composing recognizer instance SR00 _default (AM00 _default, LM00 _default)
STAT: Building HMM lexicon tree
STAT: lexicon size: 183+0=183
STAT: coordination check passed
STAT: multi-gram: beam width set to 183 (guess) by lexicon change
STAT: wchmm (re)build completed
STAT: SR00 _default composed
STAT: [3] initialize for acoustic HMM calculation
Stat: outprob_init: state-level mixture PDFs, use calc_mix()
Stat: addlog: generating addlog table (size = 1953 kB)
Stat: addlog: addlog table generated
STAT: [4] prepare MFCC storage(s)
STAT: All init successfully done

STAT: ###### initialize input device
----------------------- System Information begin ---------------------
JuliusLib rev.4.4.2.1 (fast)

Engine specification:
 -  Base setup   : fast
 -  Supported LM : DFA, N-gram, Word
 -  Extension    :
 -  Compiled by  : gcc -O6 -fomit-frame-pointer
Library configuration: version 4.4.2.1
 - Audio input
    primary A/D-in driver   : oss (Open Sound System compatible)
    available drivers       : oss
    wavefile formats        : RAW and WAV only
    max. length of an input : 320000 samples, 150 words
 - Language Model
    class N-gram support    : yes
    MBR weight support      : yes
    word id unit            : short (2 bytes)
 - Acoustic Model
    multi-path treatment    : autodetect
 - External library
    file decompression by   : gzip command
 - Process hangling
    fork on adinnet input   : no
 - built-in SIMD instruction set for DNN
    SSE AVX FMA
    FMA is available maximum on this cpu, use it


------------------------------------------------------------
Configuration of Modules

 Number of defined modules: AM=1, LM=1, SR=1

 Acoustic Model (with input parameter spec.):
 - AM00 "_default"
	hmmfilename=./models/hmmdefs_monof_mix16_gid.binhmm

 Language Model:
 - LM00 "_default"
	grammar #1:
	    dfa  = ./wav/013.dfa
	    dict = ./wav/013.dict

 Recognizer:
 - SR00 "_default" (AM00, LM00)

------------------------------------------------------------
Speech Analysis Module(s)

[MFCC01]  for [AM00 _default]

 Acoustic analysis condition:
	       parameter = MFCC_E_D_N_Z (25 dim. from 12 cepstrum + energy, abs energy supressed with CMN)
	sample frequency = 16000 Hz
	   sample period =  625  (1 = 100ns)
	     window size =  400 samples (25.0 ms)
	     frame shift =  160 samples (10.0 ms)
	    pre-emphasis = 0.97
	    # filterbank = 24
	   cepst. lifter = 22
	      raw energy = False
	energy normalize = False
	    delta window = 2 frames (20.0 ms) around
	     hi freq cut = OFF
	     lo freq cut = OFF
	 zero mean frame = OFF
	       use power = OFF
	             CVN = OFF
	            VTLN = OFF

    spectral subtraction = off

 cep. mean normalization = yes, with per-utterance self mean
 cep. var. normalization = no

	 base setup from = Julius defaults

------------------------------------------------------------
Acoustic Model(s)

[AM00 "_default"]

 HMM Info:
    43 models, 129 states, 129 mpdfs, 2064 Gaussians are defined
	      model type = context dependency handling OFF
      training parameter = MFCC_E_N_D_Z
	   vector length = 25
	number of stream = 1
	     stream info = [0-24]
	cov. matrix type = DIAGC
	   duration type = NULLD
	max mixture size = 16 Gaussians
     max length of model = 5 states
     logical base phones = 43
       model skip trans. = not exist, no multi-path handling

 AM Parameters:
        Gaussian pruning = none (full computation)  (-gprune)
    short pause HMM name = "sp" specified, "sp" applied (physical)  (-sp)
  cross-word CD on pass1 = handle by approx. (use average prob. of same LC)

------------------------------------------------------------
Language Model(s)

[LM00 "_default"] type=grammar

 DFA grammar info:
      4 nodes, 3 arcs, 3 terminal(category) symbols
      category-pair matrix: 16 bytes (448 bytes allocated)

 Vocabulary Info:
        vocabulary size  = 3 words, 61 models
        average word len = 20.3 models, 61.0 states
       maximum state num = 177 nodes per word
       transparent words = not exist
       words under class = not exist

 Parameters:
   found sp category IDs =

------------------------------------------------------------
Recognizer(s)

[SR00 "_default"]  AM00 "_default"  +  LM00 "_default"

 Lexicon tree:
	 total node num =    183
	  root node num =      3
	  leaf node num =      3

	(-penalty1) IW penalty1 = +0.0
	(-penalty2) IW penalty2 = +0.0
	(-cmalpha)CM alpha coef = 0.050000

 Search parameters: 
	    multi-path handling = no
	(-b) trellis beam width = 183 (-1 or not specified - guessed)
	(-bs)score pruning thres= disabled
	(-n)search candidate num= 1
	(-s)  search stack size = 500
	(-m)    search overflow = after 2000 hypothesis poped
	        2nd pass method = searching sentence, generating N-best
	(-b2)  pass2 beam width = 30
	(-lookuprange)lookup range= 5  (tm-5 <= t <tm+5)
	(-sb)2nd scan beamthres = 80.0 (in logscore)
	(-n)        search till = 1 candidates found
	(-output)    and output = 1 candidates out of above
	 output phoneme alignments
	 all possible words will be expanded in 2nd pass
	 build_wchmm2() used
	 lcdset limited by word-pair constraint
	short pause segmentation = off
	fall back on search fail = off, returns search failure

------------------------------------------------------------
Decoding algorithm:

	1st pass input processing = buffered, batch
	1st pass method = 1-best approx. generating indexed trellis
	output word confidence measure based on search-time scores

------------------------------------------------------------
FrontEnd:

 Input stream:
	             input type = waveform
	           input source = waveform file
	          input filelist = (none, get file name from stdin)
	          sampling freq. = 16000 Hz required
	         threaded A/D-in = supported, off
	   zero frames stripping = on
	         silence cutting = off
	    long-term DC removal = off
	    level scaling factor = 1.00 (disabled)
	      reject short input = off
	      reject  long input = off

----------------------- System Information end -----------------------

Notice for feature extraction (01),
	*************************************************************
	* Cepstral mean normalization for batch decoding:           *
	* per-utterance mean will be computed and applied.          *
	*************************************************************

------
### read waveform input
Stat: adin_file: input speechfile: ./wav/013.wav
STAT: 100685 samples (6.29 sec.)
STAT: ### speech analysis (waveform -> MFCC)
### Recognition: 1st pass (LR beam)
pass1_best: w_0 w_1 w_2
pass1_best_wordseq: 0 1 2
pass1_best_phonemeseq: silB | o r e n o p u r a i b e: t o j i k a N o o r e g a d o: s u g o s o: t o s u b e t e o r e n o s e k i n i N n a n o d a | silE
pass1_best_score: -16199.356445
### Recognition: 2nd pass (RL heuristic best-first)
STAT: 00 _default: 3 generated, 3 pushed, 4 nodes popped in 627
ALIGN: === phoneme alignment begin ===
sentence1: w_0 w_1 w_2
wseq1: 0 1 2
phseq1: silB | o r e n o p u r a i b e: t o j i k a N o o r e g a d o: s u g o s o: t o s u b e t e o r e n o s e k i n i N n a n o d a | silE
cmscore1: 1.000 1.000 1.000
score1: -16199.375977
=== begin forced alignment ===
-- phoneme alignment --
 id: from  to    n_score    unit
 ----------------------------------------
[   0   20]  -23.613194  silB
[  21   23]  -30.547098  o
[  24   30]  -30.180410  r
[  31   37]  -26.235830  e
[  38   47]  -28.709309  n
[  48   62]  -25.786173  o
[  63   84]  -24.170349  p
[  85   87]  -27.236166  u
[  88   93]  -27.656698  r
[  94  104]  -24.364546  a
[ 105  110]  -28.026285  i
[ 111  118]  -28.427490  b
[ 119  137]  -22.849674  e:
[ 138  143]  -27.380045  t
[ 144  147]  -25.029785  o
[ 148  159]  -26.109558  j
[ 160  165]  -27.116943  i
[ 166  172]  -27.503489  k
[ 173  181]  -24.636827  a
[ 182  198]  -24.177591  N
[ 199  206]  -25.235474  o
[ 207  221]  -27.464682  o
[ 222  248]  -29.893139  r
[ 249  255]  -23.929338  e
[ 256  263]  -24.919678  g
[ 264  269]  -24.528809  a
[ 270  281]  -27.463541  d
[ 282  295]  -23.714844  o:
[ 296  309]  -26.005198  s
[ 310  312]  -28.394043  u
[ 313  318]  -24.505371  g
[ 319  323]  -24.686914  o
[ 324  339]  -25.201538  s
[ 340  354]  -23.750782  o:
[ 355  370]  -24.594055  t
[ 371  381]  -28.143023  o
[ 382  406]  -26.880547  s
[ 407  409]  -28.907227  u
[ 410  414]  -28.455664  b
[ 415  424]  -27.302343  e
[ 425  434]  -26.135645  t
[ 435  455]  -28.207542  e
[ 456  460]  -29.327343  o
[ 461  467]  -28.395786  r
[ 468  474]  -23.822126  e
[ 475  482]  -26.355835  n
[ 483  487]  -25.350391  o
[ 488  499]  -24.126953  s
[ 500  506]  -28.359514  e
[ 507  513]  -26.745815  k
[ 514  519]  -26.772135  i
[ 520  529]  -24.893360  n
[ 530  535]  -23.957520  i
[ 536  547]  -24.307373  N
[ 548  551]  -25.624512  n
[ 552  559]  -24.381714  a
[ 560  566]  -25.650808  n
[ 567  574]  -23.904785  o
[ 575  583]  -27.279947  d
[ 584  590]  -28.468191  a
[ 591  626]  -22.512316  silE
re-computed AM score: -16199.356445
=== end forced alignment ===


------
### read waveform input
