STAT: jconf successfully finalized
STAT: *** loading AM00 _default
Stat: init_phmm: Reading in HMM definition
Stat: read_binhmm: binary format HMM definition
Stat: read_binhmm: this HMM does not need multipath handling
Stat: init_phmm: defined HMMs:    43
Stat: init_phmm: logical names:    43
Stat: init_phmm: base phones:    43 used in logical
Stat: init_phmm: finished reading HMM definitions
STAT: *** AM00 _default loaded
STAT: *** loading LM00 _default
STAT: reading [./wav/018.dfa] and [./wav/018.dict]...
Stat: init_voca: read 3 words
STAT: done
STAT: Gram #0 018 registered
STAT: Gram #0 018: new grammar loaded, now mash it up for recognition
STAT: Gram #0 018: extracting category-pair constraint for the 1st pass
STAT: Gram #0 018: installed
STAT: Gram #0 018: turn on active
STAT: grammar update completed
STAT: *** LM00 _default loaded
STAT: ------
STAT: All models are ready, go for final fusion
STAT: [1] create MFCC extraction instance(s)
STAT: *** create MFCC calculation modules from AM
STAT: AM 0 _default: create a new module MFCC01
STAT: 1 MFCC modules created
STAT: [2] create recognition processing instance(s) with AM and LM
STAT: composing recognizer instance SR00 _default (AM00 _default, LM00 _default)
STAT: Building HMM lexicon tree
STAT: lexicon size: 147+0=147
STAT: coordination check passed
STAT: multi-gram: beam width set to 147 (guess) by lexicon change
STAT: wchmm (re)build completed
STAT: SR00 _default composed
STAT: [3] initialize for acoustic HMM calculation
Stat: outprob_init: state-level mixture PDFs, use calc_mix()
Stat: addlog: generating addlog table (size = 1953 kB)
Stat: addlog: addlog table generated
STAT: [4] prepare MFCC storage(s)
STAT: All init successfully done

STAT: ###### initialize input device
----------------------- System Information begin ---------------------
JuliusLib rev.4.4.2.1 (fast)

Engine specification:
 -  Base setup   : fast
 -  Supported LM : DFA, N-gram, Word
 -  Extension    :
 -  Compiled by  : gcc -O6 -fomit-frame-pointer
Library configuration: version 4.4.2.1
 - Audio input
    primary A/D-in driver   : oss (Open Sound System compatible)
    available drivers       : oss
    wavefile formats        : RAW and WAV only
    max. length of an input : 320000 samples, 150 words
 - Language Model
    class N-gram support    : yes
    MBR weight support      : yes
    word id unit            : short (2 bytes)
 - Acoustic Model
    multi-path treatment    : autodetect
 - External library
    file decompression by   : gzip command
 - Process hangling
    fork on adinnet input   : no
 - built-in SIMD instruction set for DNN
    SSE AVX FMA
    FMA is available maximum on this cpu, use it


------------------------------------------------------------
Configuration of Modules

 Number of defined modules: AM=1, LM=1, SR=1

 Acoustic Model (with input parameter spec.):
 - AM00 "_default"
	hmmfilename=./models/hmmdefs_monof_mix16_gid.binhmm

 Language Model:
 - LM00 "_default"
	grammar #1:
	    dfa  = ./wav/018.dfa
	    dict = ./wav/018.dict

 Recognizer:
 - SR00 "_default" (AM00, LM00)

------------------------------------------------------------
Speech Analysis Module(s)

[MFCC01]  for [AM00 _default]

 Acoustic analysis condition:
	       parameter = MFCC_E_D_N_Z (25 dim. from 12 cepstrum + energy, abs energy supressed with CMN)
	sample frequency = 16000 Hz
	   sample period =  625  (1 = 100ns)
	     window size =  400 samples (25.0 ms)
	     frame shift =  160 samples (10.0 ms)
	    pre-emphasis = 0.97
	    # filterbank = 24
	   cepst. lifter = 22
	      raw energy = False
	energy normalize = False
	    delta window = 2 frames (20.0 ms) around
	     hi freq cut = OFF
	     lo freq cut = OFF
	 zero mean frame = OFF
	       use power = OFF
	             CVN = OFF
	            VTLN = OFF

    spectral subtraction = off

 cep. mean normalization = yes, with per-utterance self mean
 cep. var. normalization = no

	 base setup from = Julius defaults

------------------------------------------------------------
Acoustic Model(s)

[AM00 "_default"]

 HMM Info:
    43 models, 129 states, 129 mpdfs, 2064 Gaussians are defined
	      model type = context dependency handling OFF
      training parameter = MFCC_E_N_D_Z
	   vector length = 25
	number of stream = 1
	     stream info = [0-24]
	cov. matrix type = DIAGC
	   duration type = NULLD
	max mixture size = 16 Gaussians
     max length of model = 5 states
     logical base phones = 43
       model skip trans. = not exist, no multi-path handling

 AM Parameters:
        Gaussian pruning = none (full computation)  (-gprune)
    short pause HMM name = "sp" specified, "sp" applied (physical)  (-sp)
  cross-word CD on pass1 = handle by approx. (use average prob. of same LC)

------------------------------------------------------------
Language Model(s)

[LM00 "_default"] type=grammar

 DFA grammar info:
      4 nodes, 3 arcs, 3 terminal(category) symbols
      category-pair matrix: 16 bytes (448 bytes allocated)

 Vocabulary Info:
        vocabulary size  = 3 words, 49 models
        average word len = 16.3 models, 49.0 states
       maximum state num = 141 nodes per word
       transparent words = not exist
       words under class = not exist

 Parameters:
   found sp category IDs =

------------------------------------------------------------
Recognizer(s)

[SR00 "_default"]  AM00 "_default"  +  LM00 "_default"

 Lexicon tree:
	 total node num =    147
	  root node num =      3
	  leaf node num =      3

	(-penalty1) IW penalty1 = +0.0
	(-penalty2) IW penalty2 = +0.0
	(-cmalpha)CM alpha coef = 0.050000

 Search parameters: 
	    multi-path handling = no
	(-b) trellis beam width = 147 (-1 or not specified - guessed)
	(-bs)score pruning thres= disabled
	(-n)search candidate num= 1
	(-s)  search stack size = 500
	(-m)    search overflow = after 2000 hypothesis poped
	        2nd pass method = searching sentence, generating N-best
	(-b2)  pass2 beam width = 30
	(-lookuprange)lookup range= 5  (tm-5 <= t <tm+5)
	(-sb)2nd scan beamthres = 80.0 (in logscore)
	(-n)        search till = 1 candidates found
	(-output)    and output = 1 candidates out of above
	 output phoneme alignments
	 all possible words will be expanded in 2nd pass
	 build_wchmm2() used
	 lcdset limited by word-pair constraint
	short pause segmentation = off
	fall back on search fail = off, returns search failure

------------------------------------------------------------
Decoding algorithm:

	1st pass input processing = buffered, batch
	1st pass method = 1-best approx. generating indexed trellis
	output word confidence measure based on search-time scores

------------------------------------------------------------
FrontEnd:

 Input stream:
	             input type = waveform
	           input source = waveform file
	          input filelist = (none, get file name from stdin)
	          sampling freq. = 16000 Hz required
	         threaded A/D-in = supported, off
	   zero frames stripping = on
	         silence cutting = off
	    long-term DC removal = off
	    level scaling factor = 1.00 (disabled)
	      reject short input = off
	      reject  long input = off

----------------------- System Information end -----------------------

Notice for feature extraction (01),
	*************************************************************
	* Cepstral mean normalization for batch decoding:           *
	* per-utterance mean will be computed and applied.          *
	*************************************************************

------
### read waveform input
Stat: adin_file: input speechfile: ./wav/018.wav
STAT: 86388 samples (5.40 sec.)
STAT: ### speech analysis (waveform -> MFCC)
### Recognition: 1st pass (LR beam)
pass1_best: w_0 w_1 w_2
pass1_best_wordseq: 0 1 2
pass1_best_phonemeseq: silB | i m a m o a r a t a m e t e k o n o sh i N t o sh i z u N d a j o j o: n i k a N p u k u s u r u | silE
pass1_best_score: -13643.023438
### Recognition: 2nd pass (RL heuristic best-first)
STAT: 00 _default: 3 generated, 3 pushed, 4 nodes popped in 538
ALIGN: === phoneme alignment begin ===
sentence1: w_0 w_1 w_2
wseq1: 0 1 2
phseq1: silB | i m a m o a r a t a m e t e k o n o sh i N t o sh i z u N d a j o j o: n i k a N p u k u s u r u | silE
cmscore1: 1.000 1.000 1.000
score1: -13643.038086
=== begin forced alignment ===
-- phoneme alignment --
 id: from  to    n_score    unit
 ----------------------------------------
[   0   29]  -22.341311  silB
[  30   34]  -26.677197  i
[  35   42]  -25.455559  m
[  43   51]  -26.028116  a
[  52   61]  -23.287878  m
[  62   74]  -23.545879  o
[  75   77]  -28.139444  a
[  78  100]  -29.414991  r
[ 101  110]  -28.203857  a
[ 111  119]  -27.889513  t
[ 120  124]  -28.914404  a
[ 125  133]  -26.534506  m
[ 134  139]  -26.132935  e
[ 140  149]  -25.097485  t
[ 150  164]  -25.903271  e
[ 165  173]  -26.375923  k
[ 174  177]  -24.256958  o
[ 178  185]  -24.288086  n
[ 186  199]  -25.665876  o
[ 200  218]  -24.947908  sh
[ 219  225]  -27.499233  i
[ 226  240]  -24.388575  N
[ 241  253]  -25.932919  t
[ 254  262]  -28.099880  o
[ 263  281]  -26.146870  sh
[ 282  287]  -27.254477  i
[ 288  296]  -25.846733  z
[ 297  299]  -25.977051  u
[ 300  316]  -24.131750  N
[ 317  321]  -27.421875  d
[ 322  332]  -25.968040  a
[ 333  346]  -27.411343  j
[ 347  352]  -24.423828  o
[ 353  363]  -26.603249  j
[ 364  380]  -22.815718  o:
[ 381  391]  -23.994940  n
[ 392  407]  -26.030273  i
[ 408  414]  -26.035574  k
[ 415  424]  -23.864941  a
[ 425  435]  -25.458097  N
[ 436  449]  -25.480330  p
[ 450  454]  -25.919922  u
[ 455  462]  -27.707520  k
[ 463  468]  -26.526693  u
[ 469  485]  -24.312902  s
[ 486  491]  -26.163412  u
[ 492  497]  -27.319498  r
[ 498  507]  -25.283300  u
[ 508  537]  -20.939453  silE
re-computed AM score: -13643.023438
=== end forced alignment ===


------
### read waveform input
