STAT: jconf successfully finalized
STAT: *** loading AM00 _default
Stat: init_phmm: Reading in HMM definition
Stat: read_binhmm: binary format HMM definition
Stat: read_binhmm: this HMM does not need multipath handling
Stat: init_phmm: defined HMMs:    43
Stat: init_phmm: logical names:    43
Stat: init_phmm: base phones:    43 used in logical
Stat: init_phmm: finished reading HMM definitions
STAT: *** AM00 _default loaded
STAT: *** loading LM00 _default
STAT: reading [./wav/037.dfa] and [./wav/037.dict]...
Stat: init_voca: read 3 words
STAT: done
STAT: Gram #0 037 registered
STAT: Gram #0 037: new grammar loaded, now mash it up for recognition
STAT: Gram #0 037: extracting category-pair constraint for the 1st pass
STAT: Gram #0 037: installed
STAT: Gram #0 037: turn on active
STAT: grammar update completed
STAT: *** LM00 _default loaded
STAT: ------
STAT: All models are ready, go for final fusion
STAT: [1] create MFCC extraction instance(s)
STAT: *** create MFCC calculation modules from AM
STAT: AM 0 _default: create a new module MFCC01
STAT: 1 MFCC modules created
STAT: [2] create recognition processing instance(s) with AM and LM
STAT: composing recognizer instance SR00 _default (AM00 _default, LM00 _default)
STAT: Building HMM lexicon tree
STAT: lexicon size: 201+0=201
STAT: coordination check passed
STAT: multi-gram: beam width set to 200 (guess) by lexicon change
STAT: wchmm (re)build completed
STAT: SR00 _default composed
STAT: [3] initialize for acoustic HMM calculation
Stat: outprob_init: state-level mixture PDFs, use calc_mix()
Stat: addlog: generating addlog table (size = 1953 kB)
Stat: addlog: addlog table generated
STAT: [4] prepare MFCC storage(s)
STAT: All init successfully done

STAT: ###### initialize input device
----------------------- System Information begin ---------------------
JuliusLib rev.4.4.2.1 (fast)

Engine specification:
 -  Base setup   : fast
 -  Supported LM : DFA, N-gram, Word
 -  Extension    :
 -  Compiled by  : gcc -O6 -fomit-frame-pointer
Library configuration: version 4.4.2.1
 - Audio input
    primary A/D-in driver   : oss (Open Sound System compatible)
    available drivers       : oss
    wavefile formats        : RAW and WAV only
    max. length of an input : 320000 samples, 150 words
 - Language Model
    class N-gram support    : yes
    MBR weight support      : yes
    word id unit            : short (2 bytes)
 - Acoustic Model
    multi-path treatment    : autodetect
 - External library
    file decompression by   : gzip command
 - Process hangling
    fork on adinnet input   : no
 - built-in SIMD instruction set for DNN
    SSE AVX FMA
    FMA is available maximum on this cpu, use it


------------------------------------------------------------
Configuration of Modules

 Number of defined modules: AM=1, LM=1, SR=1

 Acoustic Model (with input parameter spec.):
 - AM00 "_default"
	hmmfilename=./models/hmmdefs_monof_mix16_gid.binhmm

 Language Model:
 - LM00 "_default"
	grammar #1:
	    dfa  = ./wav/037.dfa
	    dict = ./wav/037.dict

 Recognizer:
 - SR00 "_default" (AM00, LM00)

------------------------------------------------------------
Speech Analysis Module(s)

[MFCC01]  for [AM00 _default]

 Acoustic analysis condition:
	       parameter = MFCC_E_D_N_Z (25 dim. from 12 cepstrum + energy, abs energy supressed with CMN)
	sample frequency = 16000 Hz
	   sample period =  625  (1 = 100ns)
	     window size =  400 samples (25.0 ms)
	     frame shift =  160 samples (10.0 ms)
	    pre-emphasis = 0.97
	    # filterbank = 24
	   cepst. lifter = 22
	      raw energy = False
	energy normalize = False
	    delta window = 2 frames (20.0 ms) around
	     hi freq cut = OFF
	     lo freq cut = OFF
	 zero mean frame = OFF
	       use power = OFF
	             CVN = OFF
	            VTLN = OFF

    spectral subtraction = off

 cep. mean normalization = yes, with per-utterance self mean
 cep. var. normalization = no

	 base setup from = Julius defaults

------------------------------------------------------------
Acoustic Model(s)

[AM00 "_default"]

 HMM Info:
    43 models, 129 states, 129 mpdfs, 2064 Gaussians are defined
	      model type = context dependency handling OFF
      training parameter = MFCC_E_N_D_Z
	   vector length = 25
	number of stream = 1
	     stream info = [0-24]
	cov. matrix type = DIAGC
	   duration type = NULLD
	max mixture size = 16 Gaussians
     max length of model = 5 states
     logical base phones = 43
       model skip trans. = not exist, no multi-path handling

 AM Parameters:
        Gaussian pruning = none (full computation)  (-gprune)
    short pause HMM name = "sp" specified, "sp" applied (physical)  (-sp)
  cross-word CD on pass1 = handle by approx. (use average prob. of same LC)

------------------------------------------------------------
Language Model(s)

[LM00 "_default"] type=grammar

 DFA grammar info:
      4 nodes, 3 arcs, 3 terminal(category) symbols
      category-pair matrix: 16 bytes (448 bytes allocated)

 Vocabulary Info:
        vocabulary size  = 3 words, 67 models
        average word len = 22.3 models, 67.0 states
       maximum state num = 195 nodes per word
       transparent words = not exist
       words under class = not exist

 Parameters:
   found sp category IDs =

------------------------------------------------------------
Recognizer(s)

[SR00 "_default"]  AM00 "_default"  +  LM00 "_default"

 Lexicon tree:
	 total node num =    201
	  root node num =      3
	  leaf node num =      3

	(-penalty1) IW penalty1 = +0.0
	(-penalty2) IW penalty2 = +0.0
	(-cmalpha)CM alpha coef = 0.050000

 Search parameters: 
	    multi-path handling = no
	(-b) trellis beam width = 200 (-1 or not specified - guessed)
	(-bs)score pruning thres= disabled
	(-n)search candidate num= 1
	(-s)  search stack size = 500
	(-m)    search overflow = after 2000 hypothesis poped
	        2nd pass method = searching sentence, generating N-best
	(-b2)  pass2 beam width = 30
	(-lookuprange)lookup range= 5  (tm-5 <= t <tm+5)
	(-sb)2nd scan beamthres = 80.0 (in logscore)
	(-n)        search till = 1 candidates found
	(-output)    and output = 1 candidates out of above
	 output phoneme alignments
	 all possible words will be expanded in 2nd pass
	 build_wchmm2() used
	 lcdset limited by word-pair constraint
	short pause segmentation = off
	fall back on search fail = off, returns search failure

------------------------------------------------------------
Decoding algorithm:

	1st pass input processing = buffered, batch
	1st pass method = 1-best approx. generating indexed trellis
	output word confidence measure based on search-time scores

------------------------------------------------------------
FrontEnd:

 Input stream:
	             input type = waveform
	           input source = waveform file
	          input filelist = (none, get file name from stdin)
	          sampling freq. = 16000 Hz required
	         threaded A/D-in = supported, off
	   zero frames stripping = on
	         silence cutting = off
	    long-term DC removal = off
	    level scaling factor = 1.00 (disabled)
	      reject short input = off
	      reject  long input = off

----------------------- System Information end -----------------------

Notice for feature extraction (01),
	*************************************************************
	* Cepstral mean normalization for batch decoding:           *
	* per-utterance mean will be computed and applied.          *
	*************************************************************

------
### read waveform input
Stat: adin_file: input speechfile: ./wav/037.wav
STAT: 110897 samples (6.93 sec.)
STAT: ### speech analysis (waveform -> MFCC)
### Recognition: 1st pass (LR beam)
pass1_best: w_0 w_1 w_2
pass1_best_wordseq: 0 1 2
pass1_best_phonemeseq: silB | j i b u N n o y o: n a sh i o t o g e r u n i N g e N g a f u t a t a b i u m i d a s a r e n u k o t o o n e g a q t a h a z u d a | silE
pass1_best_score: -17290.753906
### Recognition: 2nd pass (RL heuristic best-first)
STAT: 00 _default: 3 generated, 3 pushed, 4 nodes popped in 691
ALIGN: === phoneme alignment begin ===
sentence1: w_0 w_1 w_2
wseq1: 0 1 2
phseq1: silB | j i b u N n o y o: n a sh i o t o g e r u n i N g e N g a f u t a t a b i u m i d a s a r e n u k o t o o n e g a q t a h a z u d a | silE
cmscore1: 1.000 1.000 1.000
score1: -17290.792969
=== begin forced alignment ===
-- phoneme alignment --
 id: from  to    n_score    unit
 ----------------------------------------
[   0   26]  -22.728819  silB
[  27   33]  -25.432749  j
[  34   38]  -25.864613  i
[  39   47]  -26.266100  b
[  48   54]  -26.309658  u
[  55   64]  -26.757313  N
[  65   68]  -29.044373  n
[  69   76]  -26.065079  o
[  77   84]  -23.346695  y
[  85  101]  -24.668026  o:
[ 102  110]  -24.619576  n
[ 111  128]  -24.500881  a
[ 129  152]  -25.082804  sh
[ 153  156]  -25.980591  i
[ 157  176]  -26.334728  o
[ 177  190]  -25.830322  t
[ 191  197]  -25.214634  o
[ 198  203]  -25.726318  g
[ 204  214]  -24.759899  e
[ 215  218]  -26.219604  r
[ 219  232]  -25.609585  u
[ 233  246]  -25.183733  n
[ 247  255]  -23.005806  i
[ 256  270]  -20.714323  N
[ 271  274]  -27.551636  g
[ 275  286]  -23.768473  e
[ 287  299]  -19.137583  N
[ 300  305]  -24.458252  g
[ 306  317]  -24.579630  a
[ 318  345]  -25.026472  f
[ 346  348]  -27.203125  u
[ 349  355]  -25.859653  t
[ 356  362]  -26.285435  a
[ 363  372]  -25.944727  t
[ 373  380]  -24.135132  a
[ 381  388]  -26.783936  b
[ 389  410]  -25.907183  i
[ 411  421]  -26.645153  u
[ 422  430]  -26.534180  m
[ 431  443]  -26.780499  i
[ 444  457]  -27.410715  d
[ 458  463]  -25.886557  a
[ 464  474]  -23.872692  s
[ 475  483]  -24.455513  a
[ 484  487]  -26.958740  r
[ 488  494]  -23.903879  e
[ 495  501]  -26.340681  n
[ 502  512]  -26.042879  u
[ 513  521]  -27.019966  k
[ 522  528]  -26.895926  o
[ 529  537]  -25.722982  t
[ 538  547]  -22.492090  o
[ 548  557]  -24.234081  o
[ 558  564]  -25.754604  n
[ 565  571]  -23.194057  e
[ 572  576]  -25.244532  g
[ 577  587]  -28.367277  a
[ 588  601]  -21.855190  q
[ 602  607]  -24.659830  t
[ 608  611]  -24.649658  a
[ 612  621]  -23.735254  h
[ 622  626]  -25.960546  a
[ 627  637]  -27.186434  z
[ 638  643]  -25.240561  u
[ 644  652]  -26.976997  d
[ 653  662]  -28.236328  a
[ 663  690]  -22.593750  silE
re-computed AM score: -17290.753906
=== end forced alignment ===


------
### read waveform input
