STAT: jconf successfully finalized
STAT: *** loading AM00 _default
Stat: init_phmm: Reading in HMM definition
Stat: read_binhmm: binary format HMM definition
Stat: read_binhmm: this HMM does not need multipath handling
Stat: init_phmm: defined HMMs:    43
Stat: init_phmm: logical names:    43
Stat: init_phmm: base phones:    43 used in logical
Stat: init_phmm: finished reading HMM definitions
STAT: *** AM00 _default loaded
STAT: *** loading LM00 _default
STAT: reading [./wav/040.dfa] and [./wav/040.dict]...
Stat: init_voca: read 3 words
STAT: done
STAT: Gram #0 040 registered
STAT: Gram #0 040: new grammar loaded, now mash it up for recognition
STAT: Gram #0 040: extracting category-pair constraint for the 1st pass
STAT: Gram #0 040: installed
STAT: Gram #0 040: turn on active
STAT: grammar update completed
STAT: *** LM00 _default loaded
STAT: ------
STAT: All models are ready, go for final fusion
STAT: [1] create MFCC extraction instance(s)
STAT: *** create MFCC calculation modules from AM
STAT: AM 0 _default: create a new module MFCC01
STAT: 1 MFCC modules created
STAT: [2] create recognition processing instance(s) with AM and LM
STAT: composing recognizer instance SR00 _default (AM00 _default, LM00 _default)
STAT: Building HMM lexicon tree
STAT: lexicon size: 237+0=237
STAT: coordination check passed
STAT: multi-gram: beam width set to 200 (guess) by lexicon change
STAT: wchmm (re)build completed
STAT: SR00 _default composed
STAT: [3] initialize for acoustic HMM calculation
Stat: outprob_init: state-level mixture PDFs, use calc_mix()
Stat: addlog: generating addlog table (size = 1953 kB)
Stat: addlog: addlog table generated
STAT: [4] prepare MFCC storage(s)
STAT: All init successfully done

STAT: ###### initialize input device
----------------------- System Information begin ---------------------
JuliusLib rev.4.4.2.1 (fast)

Engine specification:
 -  Base setup   : fast
 -  Supported LM : DFA, N-gram, Word
 -  Extension    :
 -  Compiled by  : gcc -O6 -fomit-frame-pointer
Library configuration: version 4.4.2.1
 - Audio input
    primary A/D-in driver   : oss (Open Sound System compatible)
    available drivers       : oss
    wavefile formats        : RAW and WAV only
    max. length of an input : 320000 samples, 150 words
 - Language Model
    class N-gram support    : yes
    MBR weight support      : yes
    word id unit            : short (2 bytes)
 - Acoustic Model
    multi-path treatment    : autodetect
 - External library
    file decompression by   : gzip command
 - Process hangling
    fork on adinnet input   : no
 - built-in SIMD instruction set for DNN
    SSE AVX FMA
    FMA is available maximum on this cpu, use it


------------------------------------------------------------
Configuration of Modules

 Number of defined modules: AM=1, LM=1, SR=1

 Acoustic Model (with input parameter spec.):
 - AM00 "_default"
	hmmfilename=./models/hmmdefs_monof_mix16_gid.binhmm

 Language Model:
 - LM00 "_default"
	grammar #1:
	    dfa  = ./wav/040.dfa
	    dict = ./wav/040.dict

 Recognizer:
 - SR00 "_default" (AM00, LM00)

------------------------------------------------------------
Speech Analysis Module(s)

[MFCC01]  for [AM00 _default]

 Acoustic analysis condition:
	       parameter = MFCC_E_D_N_Z (25 dim. from 12 cepstrum + energy, abs energy supressed with CMN)
	sample frequency = 16000 Hz
	   sample period =  625  (1 = 100ns)
	     window size =  400 samples (25.0 ms)
	     frame shift =  160 samples (10.0 ms)
	    pre-emphasis = 0.97
	    # filterbank = 24
	   cepst. lifter = 22
	      raw energy = False
	energy normalize = False
	    delta window = 2 frames (20.0 ms) around
	     hi freq cut = OFF
	     lo freq cut = OFF
	 zero mean frame = OFF
	       use power = OFF
	             CVN = OFF
	            VTLN = OFF

    spectral subtraction = off

 cep. mean normalization = yes, with per-utterance self mean
 cep. var. normalization = no

	 base setup from = Julius defaults

------------------------------------------------------------
Acoustic Model(s)

[AM00 "_default"]

 HMM Info:
    43 models, 129 states, 129 mpdfs, 2064 Gaussians are defined
	      model type = context dependency handling OFF
      training parameter = MFCC_E_N_D_Z
	   vector length = 25
	number of stream = 1
	     stream info = [0-24]
	cov. matrix type = DIAGC
	   duration type = NULLD
	max mixture size = 16 Gaussians
     max length of model = 5 states
     logical base phones = 43
       model skip trans. = not exist, no multi-path handling

 AM Parameters:
        Gaussian pruning = none (full computation)  (-gprune)
    short pause HMM name = "sp" specified, "sp" applied (physical)  (-sp)
  cross-word CD on pass1 = handle by approx. (use average prob. of same LC)

------------------------------------------------------------
Language Model(s)

[LM00 "_default"] type=grammar

 DFA grammar info:
      4 nodes, 3 arcs, 3 terminal(category) symbols
      category-pair matrix: 16 bytes (448 bytes allocated)

 Vocabulary Info:
        vocabulary size  = 3 words, 79 models
        average word len = 26.3 models, 79.0 states
       maximum state num = 231 nodes per word
       transparent words = not exist
       words under class = not exist

 Parameters:
   found sp category IDs =

------------------------------------------------------------
Recognizer(s)

[SR00 "_default"]  AM00 "_default"  +  LM00 "_default"

 Lexicon tree:
	 total node num =    237
	  root node num =      3
	  leaf node num =      3

	(-penalty1) IW penalty1 = +0.0
	(-penalty2) IW penalty2 = +0.0
	(-cmalpha)CM alpha coef = 0.050000

 Search parameters: 
	    multi-path handling = no
	(-b) trellis beam width = 200 (-1 or not specified - guessed)
	(-bs)score pruning thres= disabled
	(-n)search candidate num= 1
	(-s)  search stack size = 500
	(-m)    search overflow = after 2000 hypothesis poped
	        2nd pass method = searching sentence, generating N-best
	(-b2)  pass2 beam width = 30
	(-lookuprange)lookup range= 5  (tm-5 <= t <tm+5)
	(-sb)2nd scan beamthres = 80.0 (in logscore)
	(-n)        search till = 1 candidates found
	(-output)    and output = 1 candidates out of above
	 output phoneme alignments
	 all possible words will be expanded in 2nd pass
	 build_wchmm2() used
	 lcdset limited by word-pair constraint
	short pause segmentation = off
	fall back on search fail = off, returns search failure

------------------------------------------------------------
Decoding algorithm:

	1st pass input processing = buffered, batch
	1st pass method = 1-best approx. generating indexed trellis
	output word confidence measure based on search-time scores

------------------------------------------------------------
FrontEnd:

 Input stream:
	             input type = waveform
	           input source = waveform file
	          input filelist = (none, get file name from stdin)
	          sampling freq. = 16000 Hz required
	         threaded A/D-in = supported, off
	   zero frames stripping = on
	         silence cutting = off
	    long-term DC removal = off
	    level scaling factor = 1.00 (disabled)
	      reject short input = off
	      reject  long input = off

----------------------- System Information end -----------------------

Notice for feature extraction (01),
	*************************************************************
	* Cepstral mean normalization for batch decoding:           *
	* per-utterance mean will be computed and applied.          *
	*************************************************************

------
### read waveform input
Stat: adin_file: input speechfile: ./wav/040.wav
STAT: 148441 samples (9.28 sec.)
STAT: ### speech analysis (waveform -> MFCC)
### Recognition: 1st pass (LR beam)
pass1_best: w_0 w_1 w_2
pass1_best_wordseq: 0 1 2
pass1_best_phonemeseq: silB | m i N n a w a s o r e k a r a k a r e g a ny u: i N ch u: h i t o z u k i a i g a w a r u k u d o: m o n i g a t e d a q t a t o y u: hy o: o sh i h a j i m e t a | silE
pass1_best_score: -23393.646484
### Recognition: 2nd pass (RL heuristic best-first)
STAT: 00 _default: 3 generated, 3 pushed, 4 nodes popped in 926
ALIGN: === phoneme alignment begin ===
sentence1: w_0 w_1 w_2
wseq1: 0 1 2
phseq1: silB | m i N n a w a s o r e k a r a k a r e g a ny u: i N ch u: h i t o z u k i a i g a w a r u k u d o: m o n i g a t e d a q t a t o y u: hy o: o sh i h a j i m e t a | silE
cmscore1: 1.000 1.000 1.000
score1: -23393.648438
=== begin forced alignment ===
-- phoneme alignment --
 id: from  to    n_score    unit
 ----------------------------------------
[   0   33]  -22.860674  silB
[  34   39]  -27.074432  m
[  40   48]  -22.799065  i
[  49   60]  -25.518240  N
[  61   64]  -24.836365  n
[  65   75]  -25.062300  a
[  76   83]  -24.215881  w
[  84   95]  -25.408255  a
[  96  115]  -26.036768  s
[ 116  118]  -28.148520  o
[ 119  127]  -27.055420  r
[ 128  136]  -26.230495  e
[ 137  145]  -26.840250  k
[ 146  150]  -26.760792  a
[ 151  156]  -26.595541  r
[ 157  171]  -25.254477  a
[ 172  203]  -25.511322  k
[ 204  209]  -30.813883  a
[ 210  212]  -29.046713  r
[ 213  221]  -26.294760  e
[ 222  230]  -25.103462  g
[ 231  252]  -28.418678  a
[ 253  269]  -25.978287  ny
[ 270  284]  -21.759083  u:
[ 285  300]  -22.960510  i
[ 301  312]  -24.385824  N
[ 313  329]  -26.315832  ch
[ 330  353]  -24.301025  u:
[ 354  380]  -26.455729  h
[ 381  383]  -29.185547  i
[ 384  389]  -26.173340  t
[ 390  395]  -25.240561  o
[ 396  406]  -28.136097  z
[ 407  411]  -27.521484  u
[ 412  420]  -26.398220  k
[ 421  430]  -24.576466  i
[ 431  443]  -21.842173  a
[ 444  450]  -24.816406  i
[ 451  462]  -25.206787  g
[ 463  474]  -25.074707  a
[ 475  487]  -24.023512  w
[ 488  492]  -25.561132  a
[ 493  495]  -28.139975  r
[ 496  504]  -25.945854  u
[ 505  519]  -25.345898  k
[ 520  534]  -25.744726  u
[ 535  557]  -27.558168  d
[ 558  571]  -25.055315  o:
[ 572  582]  -24.607067  m
[ 583  594]  -26.259766  o
[ 595  605]  -27.353071  n
[ 606  610]  -24.670116  i
[ 611  616]  -26.555664  g
[ 617  624]  -28.227417  a
[ 625  633]  -28.630100  t
[ 634  639]  -26.405436  e
[ 640  646]  -26.011580  d
[ 647  654]  -24.089111  a
[ 655  671]  -23.145910  q
[ 672  677]  -25.665365  t
[ 678  683]  -26.398438  a
[ 684  691]  -25.995605  t
[ 692  696]  -24.351954  o
[ 697  707]  -24.106001  y
[ 708  724]  -25.699104  u:
[ 725  742]  -26.594727  hy
[ 743  768]  -20.306416  o:
[ 769  781]  -30.983925  o
[ 782  810]  -24.038120  sh
[ 811  813]  -29.208984  i
[ 814  822]  -25.866537  h
[ 823  830]  -24.645996  a
[ 831  843]  -27.093149  j
[ 844  846]  -25.875650  i
[ 847  855]  -23.998264  m
[ 856  864]  -26.396919  e
[ 865  882]  -23.614475  t
[ 883  888]  -26.935547  a
[ 889  925]  -21.804476  silE
re-computed AM score: -23393.646484
=== end forced alignment ===


------
### read waveform input
