STAT: jconf successfully finalized
STAT: *** loading AM00 _default
Stat: init_phmm: Reading in HMM definition
Stat: read_binhmm: binary format HMM definition
Stat: read_binhmm: this HMM does not need multipath handling
Stat: init_phmm: defined HMMs:    43
Stat: init_phmm: logical names:    43
Stat: init_phmm: base phones:    43 used in logical
Stat: init_phmm: finished reading HMM definitions
STAT: *** AM00 _default loaded
STAT: *** loading LM00 _default
STAT: reading [./wav/050.dfa] and [./wav/050.dict]...
Stat: init_voca: read 3 words
STAT: done
STAT: Gram #0 050 registered
STAT: Gram #0 050: new grammar loaded, now mash it up for recognition
STAT: Gram #0 050: extracting category-pair constraint for the 1st pass
STAT: Gram #0 050: installed
STAT: Gram #0 050: turn on active
STAT: grammar update completed
STAT: *** LM00 _default loaded
STAT: ------
STAT: All models are ready, go for final fusion
STAT: [1] create MFCC extraction instance(s)
STAT: *** create MFCC calculation modules from AM
STAT: AM 0 _default: create a new module MFCC01
STAT: 1 MFCC modules created
STAT: [2] create recognition processing instance(s) with AM and LM
STAT: composing recognizer instance SR00 _default (AM00 _default, LM00 _default)
STAT: Building HMM lexicon tree
STAT: lexicon size: 198+0=198
STAT: coordination check passed
STAT: multi-gram: beam width set to 198 (guess) by lexicon change
STAT: wchmm (re)build completed
STAT: SR00 _default composed
STAT: [3] initialize for acoustic HMM calculation
Stat: outprob_init: state-level mixture PDFs, use calc_mix()
Stat: addlog: generating addlog table (size = 1953 kB)
Stat: addlog: addlog table generated
STAT: [4] prepare MFCC storage(s)
STAT: All init successfully done

STAT: ###### initialize input device
----------------------- System Information begin ---------------------
JuliusLib rev.4.4.2.1 (fast)

Engine specification:
 -  Base setup   : fast
 -  Supported LM : DFA, N-gram, Word
 -  Extension    :
 -  Compiled by  : gcc -O6 -fomit-frame-pointer
Library configuration: version 4.4.2.1
 - Audio input
    primary A/D-in driver   : oss (Open Sound System compatible)
    available drivers       : oss
    wavefile formats        : RAW and WAV only
    max. length of an input : 320000 samples, 150 words
 - Language Model
    class N-gram support    : yes
    MBR weight support      : yes
    word id unit            : short (2 bytes)
 - Acoustic Model
    multi-path treatment    : autodetect
 - External library
    file decompression by   : gzip command
 - Process hangling
    fork on adinnet input   : no
 - built-in SIMD instruction set for DNN
    SSE AVX FMA
    FMA is available maximum on this cpu, use it


------------------------------------------------------------
Configuration of Modules

 Number of defined modules: AM=1, LM=1, SR=1

 Acoustic Model (with input parameter spec.):
 - AM00 "_default"
	hmmfilename=./models/hmmdefs_monof_mix16_gid.binhmm

 Language Model:
 - LM00 "_default"
	grammar #1:
	    dfa  = ./wav/050.dfa
	    dict = ./wav/050.dict

 Recognizer:
 - SR00 "_default" (AM00, LM00)

------------------------------------------------------------
Speech Analysis Module(s)

[MFCC01]  for [AM00 _default]

 Acoustic analysis condition:
	       parameter = MFCC_E_D_N_Z (25 dim. from 12 cepstrum + energy, abs energy supressed with CMN)
	sample frequency = 16000 Hz
	   sample period =  625  (1 = 100ns)
	     window size =  400 samples (25.0 ms)
	     frame shift =  160 samples (10.0 ms)
	    pre-emphasis = 0.97
	    # filterbank = 24
	   cepst. lifter = 22
	      raw energy = False
	energy normalize = False
	    delta window = 2 frames (20.0 ms) around
	     hi freq cut = OFF
	     lo freq cut = OFF
	 zero mean frame = OFF
	       use power = OFF
	             CVN = OFF
	            VTLN = OFF

    spectral subtraction = off

 cep. mean normalization = yes, with per-utterance self mean
 cep. var. normalization = no

	 base setup from = Julius defaults

------------------------------------------------------------
Acoustic Model(s)

[AM00 "_default"]

 HMM Info:
    43 models, 129 states, 129 mpdfs, 2064 Gaussians are defined
	      model type = context dependency handling OFF
      training parameter = MFCC_E_N_D_Z
	   vector length = 25
	number of stream = 1
	     stream info = [0-24]
	cov. matrix type = DIAGC
	   duration type = NULLD
	max mixture size = 16 Gaussians
     max length of model = 5 states
     logical base phones = 43
       model skip trans. = not exist, no multi-path handling

 AM Parameters:
        Gaussian pruning = none (full computation)  (-gprune)
    short pause HMM name = "sp" specified, "sp" applied (physical)  (-sp)
  cross-word CD on pass1 = handle by approx. (use average prob. of same LC)

------------------------------------------------------------
Language Model(s)

[LM00 "_default"] type=grammar

 DFA grammar info:
      4 nodes, 3 arcs, 3 terminal(category) symbols
      category-pair matrix: 16 bytes (448 bytes allocated)

 Vocabulary Info:
        vocabulary size  = 3 words, 66 models
        average word len = 22.0 models, 66.0 states
       maximum state num = 192 nodes per word
       transparent words = not exist
       words under class = not exist

 Parameters:
   found sp category IDs =

------------------------------------------------------------
Recognizer(s)

[SR00 "_default"]  AM00 "_default"  +  LM00 "_default"

 Lexicon tree:
	 total node num =    198
	  root node num =      3
	  leaf node num =      3

	(-penalty1) IW penalty1 = +0.0
	(-penalty2) IW penalty2 = +0.0
	(-cmalpha)CM alpha coef = 0.050000

 Search parameters: 
	    multi-path handling = no
	(-b) trellis beam width = 198 (-1 or not specified - guessed)
	(-bs)score pruning thres= disabled
	(-n)search candidate num= 1
	(-s)  search stack size = 500
	(-m)    search overflow = after 2000 hypothesis poped
	        2nd pass method = searching sentence, generating N-best
	(-b2)  pass2 beam width = 30
	(-lookuprange)lookup range= 5  (tm-5 <= t <tm+5)
	(-sb)2nd scan beamthres = 80.0 (in logscore)
	(-n)        search till = 1 candidates found
	(-output)    and output = 1 candidates out of above
	 output phoneme alignments
	 all possible words will be expanded in 2nd pass
	 build_wchmm2() used
	 lcdset limited by word-pair constraint
	short pause segmentation = off
	fall back on search fail = off, returns search failure

------------------------------------------------------------
Decoding algorithm:

	1st pass input processing = buffered, batch
	1st pass method = 1-best approx. generating indexed trellis
	output word confidence measure based on search-time scores

------------------------------------------------------------
FrontEnd:

 Input stream:
	             input type = waveform
	           input source = waveform file
	          input filelist = (none, get file name from stdin)
	          sampling freq. = 16000 Hz required
	         threaded A/D-in = supported, off
	   zero frames stripping = on
	         silence cutting = off
	    long-term DC removal = off
	    level scaling factor = 1.00 (disabled)
	      reject short input = off
	      reject  long input = off

----------------------- System Information end -----------------------

Notice for feature extraction (01),
	*************************************************************
	* Cepstral mean normalization for batch decoding:           *
	* per-utterance mean will be computed and applied.          *
	*************************************************************

------
### read waveform input
Stat: adin_file: input speechfile: ./wav/050.wav
STAT: 125019 samples (7.81 sec.)
STAT: ### speech analysis (waveform -> MFCC)
### Recognition: 1st pass (LR beam)
pass1_best: w_0 w_1 w_2
pass1_best_wordseq: 0 1 2
pass1_best_phonemeseq: silB | z a N k o k u n a j i j i ts u g e N j i ts u n i m e o o o q t e t o: r i s u g i r u k o t o n o h o: g a y o r i o s o r o sh i i | silE
pass1_best_score: -19653.894531
### Recognition: 2nd pass (RL heuristic best-first)
STAT: 00 _default: 3 generated, 3 pushed, 4 nodes popped in 779
ALIGN: === phoneme alignment begin ===
sentence1: w_0 w_1 w_2
wseq1: 0 1 2
phseq1: silB | z a N k o k u n a j i j i ts u g e N j i ts u n i m e o o o q t e t o: r i s u g i r u k o t o n o h o: g a y o r i o s o r o sh i i | silE
cmscore1: 1.000 1.000 1.000
score1: -19653.867188
=== begin forced alignment ===
-- phoneme alignment --
 id: from  to    n_score    unit
 ----------------------------------------
[   0   38]  -22.582554  silB
[  39   45]  -25.370955  z
[  46   56]  -24.983820  a
[  57   70]  -24.774841  N
[  71   76]  -27.548849  k
[  77   85]  -27.961792  o
[  86   92]  -27.917690  k
[  93   96]  -27.414734  u
[  97  103]  -28.039761  n
[ 104  119]  -26.402756  a
[ 120  134]  -26.611378  j
[ 135  139]  -24.666651  i
[ 140  149]  -25.916040  j
[ 150  161]  -26.027222  i
[ 162  176]  -24.380241  ts
[ 177  187]  -27.343040  u
[ 188  226]  -23.853090  g
[ 227  237]  -24.749733  e
[ 238  249]  -26.250650  N
[ 250  256]  -26.135183  j
[ 257  260]  -26.861938  i
[ 261  273]  -25.653133  ts
[ 274  276]  -27.196289  u
[ 277  287]  -23.264559  n
[ 288  300]  -24.825459  i
[ 301  310]  -25.791992  m
[ 311  316]  -23.972574  e
[ 317  338]  -25.120628  o
[ 339  344]  -29.845703  o
[ 345  370]  -25.278622  o
[ 371  390]  -21.679688  q
[ 391  400]  -24.507227  t
[ 401  417]  -26.633272  e
[ 418  434]  -24.732710  t
[ 435  447]  -24.929537  o:
[ 448  454]  -30.098633  r
[ 455  459]  -27.991993  i
[ 460  472]  -24.766977  s
[ 473  475]  -32.704426  u
[ 476  481]  -27.467447  g
[ 482  488]  -28.603933  i
[ 489  493]  -27.292383  r
[ 494  500]  -26.397879  u
[ 501  509]  -26.031033  k
[ 510  515]  -26.772949  o
[ 516  524]  -25.927193  t
[ 525  528]  -24.983643  o
[ 529  536]  -25.042358  n
[ 537  544]  -23.236328  o
[ 545  554]  -27.612110  h
[ 555  571]  -23.804516  o:
[ 572  583]  -24.104654  g
[ 584  603]  -27.209717  a
[ 604  614]  -28.931286  y
[ 615  619]  -26.879883  o
[ 620  626]  -27.674526  r
[ 627  652]  -26.760630  i
[ 653  657]  -29.801172  o
[ 658  671]  -24.152761  s
[ 672  677]  -24.620768  o
[ 678  685]  -28.468506  r
[ 686  689]  -26.722656  o
[ 690  711]  -23.757812  sh
[ 712  719]  -24.770264  i
[ 720  730]  -24.368608  i
[ 731  778]  -21.210855  silE
re-computed AM score: -19653.894531
=== end forced alignment ===


------
### read waveform input
